[INFO] Scanning for projects...
[INFO] 
[INFO] --------------------< commons-codec:commons-codec >---------------------
[INFO] Building Apache Commons Codec 1.20.1-SNAPSHOT
[INFO]   from pom.xml
[INFO] --------------------------------[ jar ]---------------------------------
[INFO] 
[INFO] >>> nondex:2.1.7:nondex (default-cli) > test-compile @ commons-codec >>>
[INFO] 
[INFO] --- enforcer:3.5.0:enforce (enforce-maven-version) @ commons-codec ---
[INFO] Rule 0: org.apache.maven.enforcer.rules.version.RequireMavenVersion passed
[INFO] 
[INFO] --- enforcer:3.5.0:enforce (enforce-java-version) @ commons-codec ---
[INFO] Rule 0: org.apache.maven.enforcer.rules.version.RequireJavaVersion passed
[INFO] 
[INFO] --- apache-rat:0.17:check (rat-check) @ commons-codec ---
[WARNING] Basedir is : /home/pedro_campelo/projects/cin/testesDeValidacaoDeSoftware/flaky-tests-experiments/commons-codec
[INFO] Excluding patterns: site-content/**, .checkstyle, .fbprefs, .pmd, .asf.yaml, .gitattributes, src/site/resources/download_*.cgi, maven-eclipse.xml, .externalToolBuilders/**, .vscode/**, .project, .classpath, .settings/**, **/*.svg, **/*.xcf, src/test/resources/org/apache/commons/codec/bla.tar, src/test/resources/org/apache/commons/codec/bla.tar.xz, src/test/resources/org/apache/commons/codec/empty.bin, src/test/resources/org/apache/commons/codec/small.bin
[INFO] Excluding MAVEN collection.
[INFO] Excluding ECLIPSE collection.
[INFO] Excluding IDEA collection.
[INFO] Processing exclude file from STANDARD_SCMS.
[INFO] Excluding STANDARD_SCMS collection.
[INFO] Excluding MISC collection.
[INFO] Excluding HIDDEN_DIR collection.
[INFO] RAT summary:
[INFO]   Approved:  315
[INFO]   Archives:  0
[INFO]   Binaries:  3
[INFO]   Document types:  4
[INFO]   Ignored:  16
[INFO]   License categories:  1
[INFO]   License names:  1
[INFO]   Notices:  3
[INFO]   Standards:  315
[INFO]   Unapproved:  0
[INFO]   Unknown:  0
[INFO] 
[INFO] --- artifact:3.6.1:check-buildplan (check-buildplan) @ commons-codec ---
[INFO] No known issue in 20 plugins
[INFO] 
[INFO] --- build-helper:3.6.1:parse-version (parse-version) @ commons-codec ---
[INFO] 
[INFO] --- antrun:3.1.0:run (javadoc.resources) @ commons-codec ---
[INFO] Executing tasks
[INFO] Executed tasks
[INFO] 
[INFO] --- remote-resources:3.3.0:process (process-resource-bundles) @ commons-codec ---
[INFO] Skipping remote resources execution.
[INFO] 
[INFO] --- resources:3.3.1:resources (default-resources) @ commons-codec ---
[INFO] Copying 128 resources from src/main/resources to target/classes
[INFO] Copying 2 resources from  to target/classes/META-INF
[INFO] 
[INFO] --- compiler:3.14.1:compile (default-compile) @ commons-codec ---
[INFO] Nothing to compile - all classes are up to date.
[INFO] 
[INFO] --- bundle:6.0.0:manifest (bundle-manifest) @ commons-codec ---
[INFO] Writing manifest: /home/pedro_campelo/projects/cin/testesDeValidacaoDeSoftware/flaky-tests-experiments/commons-codec/target/osgi/MANIFEST.MF
[INFO] 
[INFO] --- resources:3.3.1:testResources (default-testResources) @ commons-codec ---
[INFO] Copying 4 resources from src/test/resources to target/test-classes
[INFO] Copying 2 resources from  to target/test-classes/META-INF
[INFO] 
[INFO] --- compiler:3.14.1:testCompile (default-testCompile) @ commons-codec ---
[INFO] Nothing to compile - all classes are up to date.
[INFO] 
[INFO] <<< nondex:2.1.7:nondex (default-cli) < test-compile @ commons-codec <<<
[INFO] 
[INFO] 
[INFO] --- nondex:2.1.7:nondex (default-cli) @ commons-codec ---
INFO: The original argline is: 
INFO: Creating new argline for Surefire
CONFIG: nondexFilter=.*
nondexMode=FULL
nondexSeed=933178
nondexStart=0
nondexEnd=9223372036854775807
nondexPrintstack=false
nondexDir=/home/pedro_campelo/projects/cin/testesDeValidacaoDeSoftware/flaky-tests-experiments/commons-codec/.nondex
nondexJarDir=.nondex
nondexExecid=clean_0apsNDTENUtPqQ1os51Xwuu8jRHZ6RnRn6Qy9uNeWs=
nondexLogging=CONFIG
test=
[WARNING]  Parameter 'disableXmlReport' (user property 'disableXmlReport') is deprecated: Instead use disable within statelessTestsetReporter since of 3.0.0-M6.
[INFO] Using auto detected provider org.apache.maven.surefire.junitplatform.JUnitPlatformProvider
[INFO] 
[INFO] -------------------------------------------------------
[INFO]  T E S T S
[INFO] -------------------------------------------------------
[INFO] Running org.apache.commons.codec.CharsetsTest
[INFO] Tests run: 8, Failures: 0, Errors: 0, Skipped: 0, Time elapsed: 0.119 s -- in org.apache.commons.codec.CharsetsTest
[INFO] Running org.apache.commons.codec.EncoderExceptionTest
[INFO] Tests run: 4, Failures: 0, Errors: 0, Skipped: 0, Time elapsed: 0.011 s -- in org.apache.commons.codec.EncoderExceptionTest
[INFO] Running org.apache.commons.codec.StringEncoderComparatorTest
[INFO] Tests run: 3, Failures: 0, Errors: 0, Skipped: 0, Time elapsed: 0.013 s -- in org.apache.commons.codec.StringEncoderComparatorTest
[INFO] Running org.apache.commons.codec.CharEncodingTest
[INFO] Tests run: 7, Failures: 0, Errors: 0, Skipped: 0, Time elapsed: 0.011 s -- in org.apache.commons.codec.CharEncodingTest
[INFO] Running org.apache.commons.codec.cli.DigestTest
[INFO] Tests run: 2, Failures: 0, Errors: 0, Skipped: 0, Time elapsed: 0.007 s -- in org.apache.commons.codec.cli.DigestTest
[INFO] Running org.apache.commons.codec.digest.HmacUtilsTest
[INFO] Tests run: 23, Failures: 0, Errors: 0, Skipped: 0, Time elapsed: 0.102 s -- in org.apache.commons.codec.digest.HmacUtilsTest
[INFO] Running org.apache.commons.codec.digest.Apr1CryptTest
[INFO] Tests run: 9, Failures: 0, Errors: 0, Skipped: 0, Time elapsed: 0.056 s -- in org.apache.commons.codec.digest.Apr1CryptTest
[INFO] Running org.apache.commons.codec.digest.Blake3Test
[INFO] Tests run: 1, Failures: 0, Errors: 0, Skipped: 0, Time elapsed: 0.004 s -- in org.apache.commons.codec.digest.Blake3Test
[INFO] Running org.apache.commons.codec.digest.PureJavaCrc32CTest
[INFO] Tests run: 4, Failures: 0, Errors: 0, Skipped: 0, Time elapsed: 0.004 s -- in org.apache.commons.codec.digest.PureJavaCrc32CTest
[INFO] Running org.apache.commons.codec.digest.MurmurHash3Test
[INFO] Tests run: 27, Failures: 0, Errors: 0, Skipped: 0, Time elapsed: 2.886 s -- in org.apache.commons.codec.digest.MurmurHash3Test
[INFO] Running org.apache.commons.codec.digest.XXHash32Test
[INFO] Tests run: 6, Failures: 0, Errors: 0, Skipped: 0, Time elapsed: 0.078 s -- in org.apache.commons.codec.digest.XXHash32Test
[INFO] Running org.apache.commons.codec.digest.Blake3TestVectorsTest
[INFO] Tests run: 175, Failures: 0, Errors: 0, Skipped: 0, Time elapsed: 0.268 s -- in org.apache.commons.codec.digest.Blake3TestVectorsTest
[INFO] Running org.apache.commons.codec.digest.Sha512CryptTest
[INFO] Tests run: 10, Failures: 0, Errors: 0, Skipped: 0, Time elapsed: 0.145 s -- in org.apache.commons.codec.digest.Sha512CryptTest
[INFO] Running org.apache.commons.codec.digest.MessageDigestAlgorithmsTest
[WARNING] Tests run: 135, Failures: 0, Errors: 0, Skipped: 18, Time elapsed: 4.928 s -- in org.apache.commons.codec.digest.MessageDigestAlgorithmsTest
[INFO] Running org.apache.commons.codec.digest.UnixCryptTest
[INFO] Tests run: 9, Failures: 0, Errors: 0, Skipped: 0, Time elapsed: 0.006 s -- in org.apache.commons.codec.digest.UnixCryptTest
[INFO] Running org.apache.commons.codec.digest.PureJavaCrc32Test
[INFO] Tests run: 1, Failures: 0, Errors: 0, Skipped: 0, Time elapsed: 0.081 s -- in org.apache.commons.codec.digest.PureJavaCrc32Test
[INFO] Running org.apache.commons.codec.digest.MurmurHash2Test
[INFO] Tests run: 8, Failures: 0, Errors: 0, Skipped: 0, Time elapsed: 0.003 s -- in org.apache.commons.codec.digest.MurmurHash2Test
[INFO] Running org.apache.commons.codec.digest.CryptTest
[INFO] Tests run: 9, Failures: 0, Errors: 0, Skipped: 0, Time elapsed: 0.026 s -- in org.apache.commons.codec.digest.CryptTest
[INFO] Running org.apache.commons.codec.digest.Crc16Test
[INFO] Tests run: 112, Failures: 0, Errors: 0, Skipped: 0, Time elapsed: 0.099 s -- in org.apache.commons.codec.digest.Crc16Test
[INFO] Running org.apache.commons.codec.digest.XXHash32OverflowTest
[INFO] Tests run: 1, Failures: 0, Errors: 0, Skipped: 0, Time elapsed: 1.164 s -- in org.apache.commons.codec.digest.XXHash32OverflowTest
[INFO] Running org.apache.commons.codec.digest.B64Test
[INFO] Tests run: 2, Failures: 0, Errors: 0, Skipped: 0, Time elapsed: 0.001 s -- in org.apache.commons.codec.digest.B64Test
[INFO] Running org.apache.commons.codec.digest.Sha256CryptTest
[INFO] Tests run: 9, Failures: 0, Errors: 0, Skipped: 0, Time elapsed: 0.058 s -- in org.apache.commons.codec.digest.Sha256CryptTest
[INFO] Running org.apache.commons.codec.digest.DigestUtilsTest
[INFO] Tests run: 46, Failures: 0, Errors: 0, Skipped: 0, Time elapsed: 0.612 s -- in org.apache.commons.codec.digest.DigestUtilsTest
[INFO] Running org.apache.commons.codec.digest.HmacAlgorithmsTest
[INFO] Tests run: 108, Failures: 0, Errors: 0, Skipped: 0, Time elapsed: 0.801 s -- in org.apache.commons.codec.digest.HmacAlgorithmsTest
[INFO] Running org.apache.commons.codec.digest.Sha2CryptTest
[INFO] Tests run: 1, Failures: 0, Errors: 0, Skipped: 0, Time elapsed: 0.001 s -- in org.apache.commons.codec.digest.Sha2CryptTest
[INFO] Running org.apache.commons.codec.digest.Md5CryptTest
[INFO] Tests run: 10, Failures: 0, Errors: 0, Skipped: 0, Time elapsed: 0.019 s -- in org.apache.commons.codec.digest.Md5CryptTest
[INFO] Running org.apache.commons.codec.language.bm.PhoneticEngineTest
[INFO] Tests run: 14, Failures: 0, Errors: 0, Skipped: 0, Time elapsed: 0.170 s -- in org.apache.commons.codec.language.bm.PhoneticEngineTest
[INFO] Running org.apache.commons.codec.language.bm.RuleTest
[INFO] Tests run: 4, Failures: 0, Errors: 0, Skipped: 0, Time elapsed: 0.002 s -- in org.apache.commons.codec.language.bm.RuleTest
[INFO] Running org.apache.commons.codec.language.bm.PhoneticEngineRegressionTest
[INFO] Tests run: 4, Failures: 0, Errors: 0, Skipped: 0, Time elapsed: 0.020 s -- in org.apache.commons.codec.language.bm.PhoneticEngineRegressionTest
[INFO] Running org.apache.commons.codec.language.bm.BeiderMorseEncoderTest
[INFO] Tests run: 22, Failures: 0, Errors: 0, Skipped: 0, Time elapsed: 1.509 s -- in org.apache.commons.codec.language.bm.BeiderMorseEncoderTest
[INFO] Running org.apache.commons.codec.language.bm.LanguageGuessingTest
[INFO] Tests run: 18, Failures: 0, Errors: 0, Skipped: 0, Time elapsed: 0.016 s -- in org.apache.commons.codec.language.bm.LanguageGuessingTest
[INFO] Running org.apache.commons.codec.language.MetaphoneTest
[INFO] Tests run: 34, Failures: 0, Errors: 0, Skipped: 0, Time elapsed: 0.021 s -- in org.apache.commons.codec.language.MetaphoneTest
[INFO] Running org.apache.commons.codec.language.RefinedSoundexTest
[INFO] Tests run: 11, Failures: 0, Errors: 0, Skipped: 0, Time elapsed: 0.005 s -- in org.apache.commons.codec.language.RefinedSoundexTest
[INFO] Running org.apache.commons.codec.language.Caverphone1Test
[INFO] Tests run: 9, Failures: 0, Errors: 0, Skipped: 0, Time elapsed: 0.005 s -- in org.apache.commons.codec.language.Caverphone1Test
[INFO] Running org.apache.commons.codec.language.Caverphone2Test
[INFO] Tests run: 13, Failures: 0, Errors: 0, Skipped: 0, Time elapsed: 0.012 s -- in org.apache.commons.codec.language.Caverphone2Test
[INFO] Running org.apache.commons.codec.language.NysiisTest
[INFO] Tests run: 23, Failures: 0, Errors: 0, Skipped: 0, Time elapsed: 0.010 s -- in org.apache.commons.codec.language.NysiisTest
[INFO] Running org.apache.commons.codec.language.DoubleMetaphone2Test
[INFO] Tests run: 6, Failures: 0, Errors: 0, Skipped: 0, Time elapsed: 0.013 s -- in org.apache.commons.codec.language.DoubleMetaphone2Test
[INFO] Running org.apache.commons.codec.language.ColognePhoneticTest
[INFO] Tests run: 15, Failures: 0, Errors: 0, Skipped: 0, Time elapsed: 0.013 s -- in org.apache.commons.codec.language.ColognePhoneticTest
[INFO] Running org.apache.commons.codec.language.MatchRatingApproachEncoderTest
[INFO] Tests run: 100, Failures: 0, Errors: 0, Skipped: 0, Time elapsed: 0.030 s -- in org.apache.commons.codec.language.MatchRatingApproachEncoderTest
[INFO] Running org.apache.commons.codec.language.SoundexTest
[INFO] Tests run: 31, Failures: 0, Errors: 0, Skipped: 0, Time elapsed: 0.011 s -- in org.apache.commons.codec.language.SoundexTest
[INFO] Running org.apache.commons.codec.language.DaitchMokotoffSoundexTest
[INFO] Tests run: 16641, Failures: 0, Errors: 0, Skipped: 0, Time elapsed: 2.898 s -- in org.apache.commons.codec.language.DaitchMokotoffSoundexTest
[INFO] Running org.apache.commons.codec.language.DoubleMetaphoneTest
[INFO] Tests run: 17, Failures: 0, Errors: 0, Skipped: 0, Time elapsed: 0.013 s -- in org.apache.commons.codec.language.DoubleMetaphoneTest
[INFO] Running org.apache.commons.codec.net.PercentCodecTest
[WARNING] Tests run: 13, Failures: 0, Errors: 0, Skipped: 1, Time elapsed: 0.006 s -- in org.apache.commons.codec.net.PercentCodecTest
[INFO] Running org.apache.commons.codec.net.URLCodecTest
[INFO] Tests run: 16, Failures: 0, Errors: 0, Skipped: 0, Time elapsed: 0.013 s -- in org.apache.commons.codec.net.URLCodecTest
[INFO] Running org.apache.commons.codec.net.QCodecTest
[INFO] Tests run: 12, Failures: 0, Errors: 0, Skipped: 0, Time elapsed: 0.007 s -- in org.apache.commons.codec.net.QCodecTest
[INFO] Running org.apache.commons.codec.net.QuotedPrintableCodecTest
[INFO] Tests run: 22, Failures: 0, Errors: 0, Skipped: 0, Time elapsed: 0.014 s -- in org.apache.commons.codec.net.QuotedPrintableCodecTest
[INFO] Running org.apache.commons.codec.net.RFC1522CodecTest
[INFO] Tests run: 2, Failures: 0, Errors: 0, Skipped: 0, Time elapsed: 0.002 s -- in org.apache.commons.codec.net.RFC1522CodecTest
[INFO] Running org.apache.commons.codec.net.UtilsTest
[INFO] Tests run: 1, Failures: 0, Errors: 0, Skipped: 0, Time elapsed: 0.001 s -- in org.apache.commons.codec.net.UtilsTest
[INFO] Running org.apache.commons.codec.net.BCodecTest
[INFO] Tests run: 12, Failures: 0, Errors: 0, Skipped: 0, Time elapsed: 0.011 s -- in org.apache.commons.codec.net.BCodecTest
[INFO] Running org.apache.commons.codec.ResourcesTest
[INFO] Tests run: 2, Failures: 0, Errors: 0, Skipped: 0, Time elapsed: 0.002 s -- in org.apache.commons.codec.ResourcesTest
[INFO] Running org.apache.commons.codec.binary.Base16Test
[INFO] Tests run: 31, Failures: 0, Errors: 0, Skipped: 0, Time elapsed: 0.022 s -- in org.apache.commons.codec.binary.Base16Test
[INFO] Running org.apache.commons.codec.binary.Base32OutputStreamTest
[INFO] Tests run: 8, Failures: 0, Errors: 0, Skipped: 0, Time elapsed: 0.054 s -- in org.apache.commons.codec.binary.Base32OutputStreamTest
[INFO] Running org.apache.commons.codec.binary.CharSequenceUtilsTest
[INFO] Tests run: 2, Failures: 0, Errors: 0, Skipped: 0, Time elapsed: 0.003 s -- in org.apache.commons.codec.binary.CharSequenceUtilsTest
[INFO] Running org.apache.commons.codec.binary.BaseNCodecTest
[INFO] Tests run: 12, Failures: 0, Errors: 0, Skipped: 0, Time elapsed: 1.023 s -- in org.apache.commons.codec.binary.BaseNCodecTest
[INFO] Running org.apache.commons.codec.binary.Base64Codec13Test
[INFO] Tests run: 8, Failures: 0, Errors: 0, Skipped: 0, Time elapsed: 0.007 s -- in org.apache.commons.codec.binary.Base64Codec13Test
[INFO] Running org.apache.commons.codec.binary.Base16OutputStreamTest
[INFO] Tests run: 6, Failures: 0, Errors: 0, Skipped: 0, Time elapsed: 0.021 s -- in org.apache.commons.codec.binary.Base16OutputStreamTest
[INFO] Running org.apache.commons.codec.binary.Base64InputStreamTest
[INFO] Tests run: 22, Failures: 0, Errors: 0, Skipped: 0, Time elapsed: 0.041 s -- in org.apache.commons.codec.binary.Base64InputStreamTest
[INFO] Running org.apache.commons.codec.binary.Base32InputStreamTest
[INFO] Tests run: 18, Failures: 0, Errors: 0, Skipped: 0, Time elapsed: 0.039 s -- in org.apache.commons.codec.binary.Base32InputStreamTest
[INFO] Running org.apache.commons.codec.binary.HexTest
[INFO] Tests run: 236, Failures: 0, Errors: 0, Skipped: 0, Time elapsed: 0.170 s -- in org.apache.commons.codec.binary.HexTest
[INFO] Running org.apache.commons.codec.binary.Base16InputStreamTest
[INFO] Tests run: 14, Failures: 0, Errors: 0, Skipped: 0, Time elapsed: 0.014 s -- in org.apache.commons.codec.binary.Base16InputStreamTest
[INFO] Running org.apache.commons.codec.binary.Base64Test
[WARNING] Tests run: 103, Failures: 0, Errors: 0, Skipped: 1, Time elapsed: 0.062 s -- in org.apache.commons.codec.binary.Base64Test
[INFO] Running org.apache.commons.codec.binary.Base64OutputStreamTest
[INFO] Tests run: 9, Failures: 0, Errors: 0, Skipped: 0, Time elapsed: 0.033 s -- in org.apache.commons.codec.binary.Base64OutputStreamTest
[INFO] Running org.apache.commons.codec.binary.StringUtilsTest
[INFO] Tests run: 22, Failures: 0, Errors: 0, Skipped: 0, Time elapsed: 0.006 s -- in org.apache.commons.codec.binary.StringUtilsTest
[INFO] Running org.apache.commons.codec.binary.BinaryCodecTest
[INFO] Tests run: 13, Failures: 0, Errors: 0, Skipped: 0, Time elapsed: 0.002 s -- in org.apache.commons.codec.binary.BinaryCodecTest
[INFO] Running org.apache.commons.codec.binary.AllocateDirectHexTest
[INFO] Tests run: 236, Failures: 0, Errors: 0, Skipped: 0, Time elapsed: 0.062 s -- in org.apache.commons.codec.binary.AllocateDirectHexTest
[INFO] Running org.apache.commons.codec.binary.Base32Test
[INFO] Tests run: 32, Failures: 0, Errors: 0, Skipped: 0, Time elapsed: 0.011 s -- in org.apache.commons.codec.binary.Base32Test
[INFO] Running org.apache.commons.codec.DecoderExceptionTest
[INFO] Tests run: 5, Failures: 0, Errors: 0, Skipped: 0, Time elapsed: 0.001 s -- in org.apache.commons.codec.DecoderExceptionTest
[INFO] 
[INFO] Results:
[INFO] 
[WARNING] Tests run: 18549, Failures: 0, Errors: 0, Skipped: 20
[INFO] 
INFO: Adding excluded groups to newly created one
INFO: Creating new argline for Surefire
CONFIG: nondexFilter=.*
nondexMode=FULL
nondexSeed=933178
nondexStart=0
nondexEnd=9223372036854775807
nondexPrintstack=false
nondexDir=/home/pedro_campelo/projects/cin/testesDeValidacaoDeSoftware/flaky-tests-experiments/commons-codec/.nondex
nondexJarDir=/home/pedro_campelo/projects/cin/testesDeValidacaoDeSoftware/flaky-tests-experiments/commons-codec/.nondex
nondexExecid=zmfBjKE1cCTL4ucPQD4mRmbgbbHGGEaeLhFRChJ+No=
nondexLogging=CONFIG
test=
[WARNING]  Parameter 'disableXmlReport' (user property 'disableXmlReport') is deprecated: Instead use disable within statelessTestsetReporter since of 3.0.0-M6.
[INFO] Using auto detected provider org.apache.maven.surefire.junitplatform.JUnitPlatformProvider
[INFO] 
[INFO] -------------------------------------------------------
[INFO]  T E S T S
[INFO] -------------------------------------------------------
[INFO] Running org.apache.commons.codec.CharsetsTest
[INFO] Tests run: 8, Failures: 0, Errors: 0, Skipped: 0, Time elapsed: 0.083 s -- in org.apache.commons.codec.CharsetsTest
[INFO] Running org.apache.commons.codec.EncoderExceptionTest
[INFO] Tests run: 4, Failures: 0, Errors: 0, Skipped: 0, Time elapsed: 0.011 s -- in org.apache.commons.codec.EncoderExceptionTest
[INFO] Running org.apache.commons.codec.StringEncoderComparatorTest
[INFO] Tests run: 3, Failures: 0, Errors: 0, Skipped: 0, Time elapsed: 0.012 s -- in org.apache.commons.codec.StringEncoderComparatorTest
[INFO] Running org.apache.commons.codec.CharEncodingTest
[INFO] Tests run: 7, Failures: 0, Errors: 0, Skipped: 0, Time elapsed: 0.020 s -- in org.apache.commons.codec.CharEncodingTest
[INFO] Running org.apache.commons.codec.cli.DigestTest
[INFO] Tests run: 2, Failures: 0, Errors: 0, Skipped: 0, Time elapsed: 0.006 s -- in org.apache.commons.codec.cli.DigestTest
[INFO] Running org.apache.commons.codec.digest.HmacUtilsTest
[INFO] Tests run: 23, Failures: 0, Errors: 0, Skipped: 0, Time elapsed: 0.129 s -- in org.apache.commons.codec.digest.HmacUtilsTest
[INFO] Running org.apache.commons.codec.digest.Apr1CryptTest
[INFO] Tests run: 9, Failures: 0, Errors: 0, Skipped: 0, Time elapsed: 0.066 s -- in org.apache.commons.codec.digest.Apr1CryptTest
[INFO] Running org.apache.commons.codec.digest.Blake3Test
[INFO] Tests run: 1, Failures: 0, Errors: 0, Skipped: 0, Time elapsed: 0.004 s -- in org.apache.commons.codec.digest.Blake3Test
[INFO] Running org.apache.commons.codec.digest.PureJavaCrc32CTest
[INFO] Tests run: 4, Failures: 0, Errors: 0, Skipped: 0, Time elapsed: 0.008 s -- in org.apache.commons.codec.digest.PureJavaCrc32CTest
[INFO] Running org.apache.commons.codec.digest.MurmurHash3Test
[INFO] Tests run: 27, Failures: 0, Errors: 0, Skipped: 0, Time elapsed: 2.871 s -- in org.apache.commons.codec.digest.MurmurHash3Test
[INFO] Running org.apache.commons.codec.digest.XXHash32Test
[INFO] Tests run: 6, Failures: 0, Errors: 0, Skipped: 0, Time elapsed: 0.092 s -- in org.apache.commons.codec.digest.XXHash32Test
[INFO] Running org.apache.commons.codec.digest.Blake3TestVectorsTest
[INFO] Tests run: 175, Failures: 0, Errors: 0, Skipped: 0, Time elapsed: 1.088 s -- in org.apache.commons.codec.digest.Blake3TestVectorsTest
[INFO] Running org.apache.commons.codec.digest.Sha512CryptTest
[INFO] Tests run: 10, Failures: 0, Errors: 0, Skipped: 0, Time elapsed: 0.118 s -- in org.apache.commons.codec.digest.Sha512CryptTest
[INFO] Running org.apache.commons.codec.digest.MessageDigestAlgorithmsTest
[WARNING] Tests run: 135, Failures: 0, Errors: 0, Skipped: 18, Time elapsed: 5.537 s -- in org.apache.commons.codec.digest.MessageDigestAlgorithmsTest
[INFO] Running org.apache.commons.codec.digest.UnixCryptTest
[INFO] Tests run: 9, Failures: 0, Errors: 0, Skipped: 0, Time elapsed: 0.018 s -- in org.apache.commons.codec.digest.UnixCryptTest
[INFO] Running org.apache.commons.codec.digest.PureJavaCrc32Test
[INFO] Tests run: 1, Failures: 0, Errors: 0, Skipped: 0, Time elapsed: 0.093 s -- in org.apache.commons.codec.digest.PureJavaCrc32Test
[INFO] Running org.apache.commons.codec.digest.MurmurHash2Test
[INFO] Tests run: 8, Failures: 0, Errors: 0, Skipped: 0, Time elapsed: 0.011 s -- in org.apache.commons.codec.digest.MurmurHash2Test
[INFO] Running org.apache.commons.codec.digest.CryptTest
[INFO] Tests run: 9, Failures: 0, Errors: 0, Skipped: 0, Time elapsed: 0.033 s -- in org.apache.commons.codec.digest.CryptTest
[INFO] Running org.apache.commons.codec.digest.Crc16Test
[INFO] Tests run: 112, Failures: 0, Errors: 0, Skipped: 0, Time elapsed: 0.668 s -- in org.apache.commons.codec.digest.Crc16Test
[INFO] Running org.apache.commons.codec.digest.XXHash32OverflowTest
[INFO] Tests run: 1, Failures: 0, Errors: 0, Skipped: 0, Time elapsed: 2.432 s -- in org.apache.commons.codec.digest.XXHash32OverflowTest
[INFO] Running org.apache.commons.codec.digest.B64Test
[INFO] Tests run: 2, Failures: 0, Errors: 0, Skipped: 0, Time elapsed: 0.003 s -- in org.apache.commons.codec.digest.B64Test
[INFO] Running org.apache.commons.codec.digest.Sha256CryptTest
[INFO] Tests run: 9, Failures: 0, Errors: 0, Skipped: 0, Time elapsed: 0.087 s -- in org.apache.commons.codec.digest.Sha256CryptTest
[INFO] Running org.apache.commons.codec.digest.DigestUtilsTest
[INFO] Tests run: 46, Failures: 0, Errors: 0, Skipped: 0, Time elapsed: 0.690 s -- in org.apache.commons.codec.digest.DigestUtilsTest
[INFO] Running org.apache.commons.codec.digest.HmacAlgorithmsTest
[INFO] Tests run: 108, Failures: 0, Errors: 0, Skipped: 0, Time elapsed: 1.478 s -- in org.apache.commons.codec.digest.HmacAlgorithmsTest
[INFO] Running org.apache.commons.codec.digest.Sha2CryptTest
[INFO] Tests run: 1, Failures: 0, Errors: 0, Skipped: 0, Time elapsed: 0.001 s -- in org.apache.commons.codec.digest.Sha2CryptTest
[INFO] Running org.apache.commons.codec.digest.Md5CryptTest
[INFO] Tests run: 10, Failures: 0, Errors: 0, Skipped: 0, Time elapsed: 0.024 s -- in org.apache.commons.codec.digest.Md5CryptTest
[INFO] Running org.apache.commons.codec.language.bm.PhoneticEngineTest
[INFO] Tests run: 14, Failures: 0, Errors: 0, Skipped: 0, Time elapsed: 0.224 s -- in org.apache.commons.codec.language.bm.PhoneticEngineTest
[INFO] Running org.apache.commons.codec.language.bm.RuleTest
[INFO] Tests run: 4, Failures: 0, Errors: 0, Skipped: 0, Time elapsed: 0.007 s -- in org.apache.commons.codec.language.bm.RuleTest
[INFO] Running org.apache.commons.codec.language.bm.PhoneticEngineRegressionTest
[INFO] Tests run: 4, Failures: 0, Errors: 0, Skipped: 0, Time elapsed: 0.030 s -- in org.apache.commons.codec.language.bm.PhoneticEngineRegressionTest
[INFO] Running org.apache.commons.codec.language.bm.BeiderMorseEncoderTest
[INFO] Tests run: 22, Failures: 0, Errors: 0, Skipped: 0, Time elapsed: 5.095 s -- in org.apache.commons.codec.language.bm.BeiderMorseEncoderTest
[INFO] Running org.apache.commons.codec.language.bm.LanguageGuessingTest
[INFO] Tests run: 18, Failures: 0, Errors: 0, Skipped: 0, Time elapsed: 0.103 s -- in org.apache.commons.codec.language.bm.LanguageGuessingTest
[INFO] Running org.apache.commons.codec.language.MetaphoneTest
[INFO] Tests run: 34, Failures: 0, Errors: 0, Skipped: 0, Time elapsed: 0.051 s -- in org.apache.commons.codec.language.MetaphoneTest
[INFO] Running org.apache.commons.codec.language.RefinedSoundexTest
[INFO] Tests run: 11, Failures: 0, Errors: 0, Skipped: 0, Time elapsed: 0.015 s -- in org.apache.commons.codec.language.RefinedSoundexTest
[INFO] Running org.apache.commons.codec.language.Caverphone1Test
[INFO] Tests run: 9, Failures: 0, Errors: 0, Skipped: 0, Time elapsed: 0.015 s -- in org.apache.commons.codec.language.Caverphone1Test
[INFO] Running org.apache.commons.codec.language.Caverphone2Test
[INFO] Tests run: 13, Failures: 0, Errors: 0, Skipped: 0, Time elapsed: 0.033 s -- in org.apache.commons.codec.language.Caverphone2Test
[INFO] Running org.apache.commons.codec.language.NysiisTest
[INFO] Tests run: 23, Failures: 0, Errors: 0, Skipped: 0, Time elapsed: 0.039 s -- in org.apache.commons.codec.language.NysiisTest
[INFO] Running org.apache.commons.codec.language.DoubleMetaphone2Test
[INFO] Tests run: 6, Failures: 0, Errors: 0, Skipped: 0, Time elapsed: 0.019 s -- in org.apache.commons.codec.language.DoubleMetaphone2Test
[INFO] Running org.apache.commons.codec.language.ColognePhoneticTest
[INFO] Tests run: 15, Failures: 0, Errors: 0, Skipped: 0, Time elapsed: 0.031 s -- in org.apache.commons.codec.language.ColognePhoneticTest
[INFO] Running org.apache.commons.codec.language.MatchRatingApproachEncoderTest
[INFO] Tests run: 100, Failures: 0, Errors: 0, Skipped: 0, Time elapsed: 0.122 s -- in org.apache.commons.codec.language.MatchRatingApproachEncoderTest
[INFO] Running org.apache.commons.codec.language.SoundexTest
[INFO] Tests run: 31, Failures: 0, Errors: 0, Skipped: 0, Time elapsed: 0.039 s -- in org.apache.commons.codec.language.SoundexTest
[INFO] Running org.apache.commons.codec.language.DaitchMokotoffSoundexTest
[INFO] Tests run: 16641, Failures: 0, Errors: 0, Skipped: 0, Time elapsed: 84.83 s -- in org.apache.commons.codec.language.DaitchMokotoffSoundexTest
[INFO] Running org.apache.commons.codec.language.DoubleMetaphoneTest
[INFO] Tests run: 17, Failures: 0, Errors: 0, Skipped: 0, Time elapsed: 0.031 s -- in org.apache.commons.codec.language.DoubleMetaphoneTest
[INFO] Running org.apache.commons.codec.net.PercentCodecTest
[WARNING] Tests run: 13, Failures: 0, Errors: 0, Skipped: 1, Time elapsed: 0.026 s -- in org.apache.commons.codec.net.PercentCodecTest
[INFO] Running org.apache.commons.codec.net.URLCodecTest
[INFO] Tests run: 16, Failures: 0, Errors: 0, Skipped: 0, Time elapsed: 0.041 s -- in org.apache.commons.codec.net.URLCodecTest
[INFO] Running org.apache.commons.codec.net.QCodecTest
[INFO] Tests run: 12, Failures: 0, Errors: 0, Skipped: 0, Time elapsed: 0.028 s -- in org.apache.commons.codec.net.QCodecTest
[INFO] Running org.apache.commons.codec.net.QuotedPrintableCodecTest
[INFO] Tests run: 22, Failures: 0, Errors: 0, Skipped: 0, Time elapsed: 0.042 s -- in org.apache.commons.codec.net.QuotedPrintableCodecTest
[INFO] Running org.apache.commons.codec.net.RFC1522CodecTest
[INFO] Tests run: 2, Failures: 0, Errors: 0, Skipped: 0, Time elapsed: 0.002 s -- in org.apache.commons.codec.net.RFC1522CodecTest
[INFO] Running org.apache.commons.codec.net.UtilsTest
[INFO] Tests run: 1, Failures: 0, Errors: 0, Skipped: 0, Time elapsed: 0.001 s -- in org.apache.commons.codec.net.UtilsTest
[INFO] Running org.apache.commons.codec.net.BCodecTest
[INFO] Tests run: 12, Failures: 0, Errors: 0, Skipped: 0, Time elapsed: 0.018 s -- in org.apache.commons.codec.net.BCodecTest
[INFO] Running org.apache.commons.codec.ResourcesTest
[INFO] Tests run: 2, Failures: 0, Errors: 0, Skipped: 0, Time elapsed: 0.015 s -- in org.apache.commons.codec.ResourcesTest
[INFO] Running org.apache.commons.codec.binary.Base16Test
[INFO] Tests run: 31, Failures: 0, Errors: 0, Skipped: 0, Time elapsed: 0.060 s -- in org.apache.commons.codec.binary.Base16Test
[INFO] Running org.apache.commons.codec.binary.Base32OutputStreamTest
[INFO] Tests run: 8, Failures: 0, Errors: 0, Skipped: 0, Time elapsed: 0.048 s -- in org.apache.commons.codec.binary.Base32OutputStreamTest
[INFO] Running org.apache.commons.codec.binary.CharSequenceUtilsTest
[INFO] Tests run: 2, Failures: 0, Errors: 0, Skipped: 0, Time elapsed: 0.004 s -- in org.apache.commons.codec.binary.CharSequenceUtilsTest
[INFO] Running org.apache.commons.codec.binary.BaseNCodecTest
[INFO] Tests run: 12, Failures: 0, Errors: 0, Skipped: 0, Time elapsed: 1.105 s -- in org.apache.commons.codec.binary.BaseNCodecTest
[INFO] Running org.apache.commons.codec.binary.Base64Codec13Test
[INFO] Tests run: 8, Failures: 0, Errors: 0, Skipped: 0, Time elapsed: 0.015 s -- in org.apache.commons.codec.binary.Base64Codec13Test
[INFO] Running org.apache.commons.codec.binary.Base16OutputStreamTest
[INFO] Tests run: 6, Failures: 0, Errors: 0, Skipped: 0, Time elapsed: 0.038 s -- in org.apache.commons.codec.binary.Base16OutputStreamTest
[INFO] Running org.apache.commons.codec.binary.Base64InputStreamTest
[INFO] Tests run: 22, Failures: 0, Errors: 0, Skipped: 0, Time elapsed: 0.060 s -- in org.apache.commons.codec.binary.Base64InputStreamTest
[INFO] Running org.apache.commons.codec.binary.Base32InputStreamTest
[INFO] Tests run: 18, Failures: 0, Errors: 0, Skipped: 0, Time elapsed: 0.049 s -- in org.apache.commons.codec.binary.Base32InputStreamTest
[INFO] Running org.apache.commons.codec.binary.HexTest
[INFO] Tests run: 236, Failures: 0, Errors: 0, Skipped: 0, Time elapsed: 1.080 s -- in org.apache.commons.codec.binary.HexTest
[INFO] Running org.apache.commons.codec.binary.Base16InputStreamTest
[INFO] Tests run: 14, Failures: 0, Errors: 0, Skipped: 0, Time elapsed: 0.031 s -- in org.apache.commons.codec.binary.Base16InputStreamTest
[INFO] Running org.apache.commons.codec.binary.Base64Test
[WARNING] Tests run: 103, Failures: 0, Errors: 0, Skipped: 1, Time elapsed: 0.361 s -- in org.apache.commons.codec.binary.Base64Test
[INFO] Running org.apache.commons.codec.binary.Base64OutputStreamTest
[INFO] Tests run: 9, Failures: 0, Errors: 0, Skipped: 0, Time elapsed: 0.043 s -- in org.apache.commons.codec.binary.Base64OutputStreamTest
[INFO] Running org.apache.commons.codec.binary.StringUtilsTest
[INFO] Tests run: 22, Failures: 0, Errors: 0, Skipped: 0, Time elapsed: 0.035 s -- in org.apache.commons.codec.binary.StringUtilsTest
[INFO] Running org.apache.commons.codec.binary.BinaryCodecTest
[INFO] Tests run: 13, Failures: 0, Errors: 0, Skipped: 0, Time elapsed: 0.018 s -- in org.apache.commons.codec.binary.BinaryCodecTest
[INFO] Running org.apache.commons.codec.binary.AllocateDirectHexTest
[INFO] Tests run: 236, Failures: 0, Errors: 0, Skipped: 0, Time elapsed: 1.035 s -- in org.apache.commons.codec.binary.AllocateDirectHexTest
[INFO] Running org.apache.commons.codec.binary.Base32Test
[INFO] Tests run: 32, Failures: 0, Errors: 0, Skipped: 0, Time elapsed: 0.054 s -- in org.apache.commons.codec.binary.Base32Test
[INFO] Running org.apache.commons.codec.DecoderExceptionTest
[INFO] Tests run: 5, Failures: 0, Errors: 0, Skipped: 0, Time elapsed: 0.006 s -- in org.apache.commons.codec.DecoderExceptionTest
[INFO] 
[INFO] Results:
[INFO] 
[WARNING] Tests run: 18549, Failures: 0, Errors: 0, Skipped: 20
[INFO] 
INFO: Adding excluded groups to newly created one
INFO: Creating new argline for Surefire
CONFIG: nondexFilter=.*
nondexMode=FULL
nondexSeed=974622
nondexStart=0
nondexEnd=9223372036854775807
nondexPrintstack=false
nondexDir=/home/pedro_campelo/projects/cin/testesDeValidacaoDeSoftware/flaky-tests-experiments/commons-codec/.nondex
nondexJarDir=/home/pedro_campelo/projects/cin/testesDeValidacaoDeSoftware/flaky-tests-experiments/commons-codec/.nondex
nondexExecid=ah0AVSbX12pLQCOeKSK+HqWfUV4hP4KIpcn6+WDoEw=
nondexLogging=CONFIG
test=
[WARNING]  Parameter 'disableXmlReport' (user property 'disableXmlReport') is deprecated: Instead use disable within statelessTestsetReporter since of 3.0.0-M6.
[INFO] Using auto detected provider org.apache.maven.surefire.junitplatform.JUnitPlatformProvider
[INFO] 
[INFO] -------------------------------------------------------
[INFO]  T E S T S
[INFO] -------------------------------------------------------
[INFO] Running org.apache.commons.codec.CharsetsTest
[INFO] Tests run: 8, Failures: 0, Errors: 0, Skipped: 0, Time elapsed: 0.087 s -- in org.apache.commons.codec.CharsetsTest
[INFO] Running org.apache.commons.codec.EncoderExceptionTest
[INFO] Tests run: 4, Failures: 0, Errors: 0, Skipped: 0, Time elapsed: 0.010 s -- in org.apache.commons.codec.EncoderExceptionTest
[INFO] Running org.apache.commons.codec.StringEncoderComparatorTest
[INFO] Tests run: 3, Failures: 0, Errors: 0, Skipped: 0, Time elapsed: 0.010 s -- in org.apache.commons.codec.StringEncoderComparatorTest
[INFO] Running org.apache.commons.codec.CharEncodingTest
[INFO] Tests run: 7, Failures: 0, Errors: 0, Skipped: 0, Time elapsed: 0.014 s -- in org.apache.commons.codec.CharEncodingTest
[INFO] Running org.apache.commons.codec.cli.DigestTest
[INFO] Tests run: 2, Failures: 0, Errors: 0, Skipped: 0, Time elapsed: 0.007 s -- in org.apache.commons.codec.cli.DigestTest
[INFO] Running org.apache.commons.codec.digest.HmacUtilsTest
[INFO] Tests run: 23, Failures: 0, Errors: 0, Skipped: 0, Time elapsed: 0.099 s -- in org.apache.commons.codec.digest.HmacUtilsTest
[INFO] Running org.apache.commons.codec.digest.Apr1CryptTest
[INFO] Tests run: 9, Failures: 0, Errors: 0, Skipped: 0, Time elapsed: 0.062 s -- in org.apache.commons.codec.digest.Apr1CryptTest
[INFO] Running org.apache.commons.codec.digest.Blake3Test
[INFO] Tests run: 1, Failures: 0, Errors: 0, Skipped: 0, Time elapsed: 0.006 s -- in org.apache.commons.codec.digest.Blake3Test
[INFO] Running org.apache.commons.codec.digest.PureJavaCrc32CTest
[INFO] Tests run: 4, Failures: 0, Errors: 0, Skipped: 0, Time elapsed: 0.019 s -- in org.apache.commons.codec.digest.PureJavaCrc32CTest
[INFO] Running org.apache.commons.codec.digest.MurmurHash3Test
[INFO] Tests run: 27, Failures: 0, Errors: 0, Skipped: 0, Time elapsed: 2.699 s -- in org.apache.commons.codec.digest.MurmurHash3Test
[INFO] Running org.apache.commons.codec.digest.XXHash32Test
[INFO] Tests run: 6, Failures: 0, Errors: 0, Skipped: 0, Time elapsed: 0.088 s -- in org.apache.commons.codec.digest.XXHash32Test
[INFO] Running org.apache.commons.codec.digest.Blake3TestVectorsTest
[INFO] Tests run: 175, Failures: 0, Errors: 0, Skipped: 0, Time elapsed: 1.125 s -- in org.apache.commons.codec.digest.Blake3TestVectorsTest
[INFO] Running org.apache.commons.codec.digest.Sha512CryptTest
[INFO] Tests run: 10, Failures: 0, Errors: 0, Skipped: 0, Time elapsed: 0.105 s -- in org.apache.commons.codec.digest.Sha512CryptTest
[INFO] Running org.apache.commons.codec.digest.MessageDigestAlgorithmsTest
[WARNING] Tests run: 135, Failures: 0, Errors: 0, Skipped: 18, Time elapsed: 6.739 s -- in org.apache.commons.codec.digest.MessageDigestAlgorithmsTest
[INFO] Running org.apache.commons.codec.digest.UnixCryptTest
[INFO] Tests run: 9, Failures: 0, Errors: 0, Skipped: 0, Time elapsed: 0.015 s -- in org.apache.commons.codec.digest.UnixCryptTest
[INFO] Running org.apache.commons.codec.digest.PureJavaCrc32Test
[INFO] Tests run: 1, Failures: 0, Errors: 0, Skipped: 0, Time elapsed: 0.090 s -- in org.apache.commons.codec.digest.PureJavaCrc32Test
[INFO] Running org.apache.commons.codec.digest.MurmurHash2Test
[INFO] Tests run: 8, Failures: 0, Errors: 0, Skipped: 0, Time elapsed: 0.011 s -- in org.apache.commons.codec.digest.MurmurHash2Test
[INFO] Running org.apache.commons.codec.digest.CryptTest
[INFO] Tests run: 9, Failures: 0, Errors: 0, Skipped: 0, Time elapsed: 0.031 s -- in org.apache.commons.codec.digest.CryptTest
[INFO] Running org.apache.commons.codec.digest.Crc16Test
[INFO] Tests run: 112, Failures: 0, Errors: 0, Skipped: 0, Time elapsed: 0.681 s -- in org.apache.commons.codec.digest.Crc16Test
[INFO] Running org.apache.commons.codec.digest.XXHash32OverflowTest
[INFO] Tests run: 1, Failures: 0, Errors: 0, Skipped: 0, Time elapsed: 2.131 s -- in org.apache.commons.codec.digest.XXHash32OverflowTest
[INFO] Running org.apache.commons.codec.digest.B64Test
[INFO] Tests run: 2, Failures: 0, Errors: 0, Skipped: 0, Time elapsed: 0.003 s -- in org.apache.commons.codec.digest.B64Test
[INFO] Running org.apache.commons.codec.digest.Sha256CryptTest
[INFO] Tests run: 9, Failures: 0, Errors: 0, Skipped: 0, Time elapsed: 0.076 s -- in org.apache.commons.codec.digest.Sha256CryptTest
[INFO] Running org.apache.commons.codec.digest.DigestUtilsTest
[INFO] Tests run: 46, Failures: 0, Errors: 0, Skipped: 0, Time elapsed: 1.365 s -- in org.apache.commons.codec.digest.DigestUtilsTest
[INFO] Running org.apache.commons.codec.digest.HmacAlgorithmsTest
[INFO] Tests run: 108, Failures: 0, Errors: 0, Skipped: 0, Time elapsed: 3.321 s -- in org.apache.commons.codec.digest.HmacAlgorithmsTest
[INFO] Running org.apache.commons.codec.digest.Sha2CryptTest
[INFO] Tests run: 1, Failures: 0, Errors: 0, Skipped: 0, Time elapsed: 0.001 s -- in org.apache.commons.codec.digest.Sha2CryptTest
[INFO] Running org.apache.commons.codec.digest.Md5CryptTest
[INFO] Tests run: 10, Failures: 0, Errors: 0, Skipped: 0, Time elapsed: 0.025 s -- in org.apache.commons.codec.digest.Md5CryptTest
[INFO] Running org.apache.commons.codec.language.bm.PhoneticEngineTest
[INFO] Tests run: 14, Failures: 0, Errors: 0, Skipped: 0, Time elapsed: 0.232 s -- in org.apache.commons.codec.language.bm.PhoneticEngineTest
[INFO] Running org.apache.commons.codec.language.bm.RuleTest
[INFO] Tests run: 4, Failures: 0, Errors: 0, Skipped: 0, Time elapsed: 0.008 s -- in org.apache.commons.codec.language.bm.RuleTest
[INFO] Running org.apache.commons.codec.language.bm.PhoneticEngineRegressionTest
[INFO] Tests run: 4, Failures: 0, Errors: 0, Skipped: 0, Time elapsed: 0.033 s -- in org.apache.commons.codec.language.bm.PhoneticEngineRegressionTest
[INFO] Running org.apache.commons.codec.language.bm.BeiderMorseEncoderTest
[INFO] Tests run: 22, Failures: 0, Errors: 0, Skipped: 0, Time elapsed: 6.832 s -- in org.apache.commons.codec.language.bm.BeiderMorseEncoderTest
[INFO] Running org.apache.commons.codec.language.bm.LanguageGuessingTest
[INFO] Tests run: 18, Failures: 0, Errors: 0, Skipped: 0, Time elapsed: 0.103 s -- in org.apache.commons.codec.language.bm.LanguageGuessingTest
[INFO] Running org.apache.commons.codec.language.MetaphoneTest
[INFO] Tests run: 34, Failures: 0, Errors: 0, Skipped: 0, Time elapsed: 0.047 s -- in org.apache.commons.codec.language.MetaphoneTest
[INFO] Running org.apache.commons.codec.language.RefinedSoundexTest
[INFO] Tests run: 11, Failures: 0, Errors: 0, Skipped: 0, Time elapsed: 0.018 s -- in org.apache.commons.codec.language.RefinedSoundexTest
[INFO] Running org.apache.commons.codec.language.Caverphone1Test
[INFO] Tests run: 9, Failures: 0, Errors: 0, Skipped: 0, Time elapsed: 0.013 s -- in org.apache.commons.codec.language.Caverphone1Test
[INFO] Running org.apache.commons.codec.language.Caverphone2Test
[INFO] Tests run: 13, Failures: 0, Errors: 0, Skipped: 0, Time elapsed: 0.024 s -- in org.apache.commons.codec.language.Caverphone2Test
[INFO] Running org.apache.commons.codec.language.NysiisTest
[INFO] Tests run: 23, Failures: 0, Errors: 0, Skipped: 0, Time elapsed: 0.038 s -- in org.apache.commons.codec.language.NysiisTest
[INFO] Running org.apache.commons.codec.language.DoubleMetaphone2Test
[INFO] Tests run: 6, Failures: 0, Errors: 0, Skipped: 0, Time elapsed: 0.018 s -- in org.apache.commons.codec.language.DoubleMetaphone2Test
[INFO] Running org.apache.commons.codec.language.ColognePhoneticTest
[INFO] Tests run: 15, Failures: 0, Errors: 0, Skipped: 0, Time elapsed: 0.027 s -- in org.apache.commons.codec.language.ColognePhoneticTest
[INFO] Running org.apache.commons.codec.language.MatchRatingApproachEncoderTest
[INFO] Tests run: 100, Failures: 0, Errors: 0, Skipped: 0, Time elapsed: 0.144 s -- in org.apache.commons.codec.language.MatchRatingApproachEncoderTest
[INFO] Running org.apache.commons.codec.language.SoundexTest
[INFO] Tests run: 31, Failures: 0, Errors: 0, Skipped: 0, Time elapsed: 0.045 s -- in org.apache.commons.codec.language.SoundexTest
[INFO] Running org.apache.commons.codec.language.DaitchMokotoffSoundexTest
[INFO] Tests run: 16641, Failures: 0, Errors: 0, Skipped: 0, Time elapsed: 83.05 s -- in org.apache.commons.codec.language.DaitchMokotoffSoundexTest
[INFO] Running org.apache.commons.codec.language.DoubleMetaphoneTest
[INFO] Tests run: 17, Failures: 0, Errors: 0, Skipped: 0, Time elapsed: 0.026 s -- in org.apache.commons.codec.language.DoubleMetaphoneTest
[INFO] Running org.apache.commons.codec.net.PercentCodecTest
[WARNING] Tests run: 13, Failures: 0, Errors: 0, Skipped: 1, Time elapsed: 0.019 s -- in org.apache.commons.codec.net.PercentCodecTest
[INFO] Running org.apache.commons.codec.net.URLCodecTest
[INFO] Tests run: 16, Failures: 0, Errors: 0, Skipped: 0, Time elapsed: 0.039 s -- in org.apache.commons.codec.net.URLCodecTest
[INFO] Running org.apache.commons.codec.net.QCodecTest
[INFO] Tests run: 12, Failures: 0, Errors: 0, Skipped: 0, Time elapsed: 0.018 s -- in org.apache.commons.codec.net.QCodecTest
[INFO] Running org.apache.commons.codec.net.QuotedPrintableCodecTest
[INFO] Tests run: 22, Failures: 0, Errors: 0, Skipped: 0, Time elapsed: 0.038 s -- in org.apache.commons.codec.net.QuotedPrintableCodecTest
[INFO] Running org.apache.commons.codec.net.RFC1522CodecTest
[INFO] Tests run: 2, Failures: 0, Errors: 0, Skipped: 0, Time elapsed: 0.003 s -- in org.apache.commons.codec.net.RFC1522CodecTest
[INFO] Running org.apache.commons.codec.net.UtilsTest
[INFO] Tests run: 1, Failures: 0, Errors: 0, Skipped: 0, Time elapsed: 0.001 s -- in org.apache.commons.codec.net.UtilsTest
[INFO] Running org.apache.commons.codec.net.BCodecTest
[INFO] Tests run: 12, Failures: 0, Errors: 0, Skipped: 0, Time elapsed: 0.017 s -- in org.apache.commons.codec.net.BCodecTest
[INFO] Running org.apache.commons.codec.ResourcesTest
[INFO] Tests run: 2, Failures: 0, Errors: 0, Skipped: 0, Time elapsed: 0.014 s -- in org.apache.commons.codec.ResourcesTest
[INFO] Running org.apache.commons.codec.binary.Base16Test
[INFO] Tests run: 31, Failures: 0, Errors: 0, Skipped: 0, Time elapsed: 0.049 s -- in org.apache.commons.codec.binary.Base16Test
[INFO] Running org.apache.commons.codec.binary.Base32OutputStreamTest
[INFO] Tests run: 8, Failures: 0, Errors: 0, Skipped: 0, Time elapsed: 0.048 s -- in org.apache.commons.codec.binary.Base32OutputStreamTest
[INFO] Running org.apache.commons.codec.binary.CharSequenceUtilsTest
[INFO] Tests run: 2, Failures: 0, Errors: 0, Skipped: 0, Time elapsed: 0.003 s -- in org.apache.commons.codec.binary.CharSequenceUtilsTest
[INFO] Running org.apache.commons.codec.binary.BaseNCodecTest
[INFO] Tests run: 12, Failures: 0, Errors: 0, Skipped: 0, Time elapsed: 2.048 s -- in org.apache.commons.codec.binary.BaseNCodecTest
[INFO] Running org.apache.commons.codec.binary.Base64Codec13Test
[INFO] Tests run: 8, Failures: 0, Errors: 0, Skipped: 0, Time elapsed: 0.016 s -- in org.apache.commons.codec.binary.Base64Codec13Test
[INFO] Running org.apache.commons.codec.binary.Base16OutputStreamTest
[INFO] Tests run: 6, Failures: 0, Errors: 0, Skipped: 0, Time elapsed: 0.031 s -- in org.apache.commons.codec.binary.Base16OutputStreamTest
[INFO] Running org.apache.commons.codec.binary.Base64InputStreamTest
[INFO] Tests run: 22, Failures: 0, Errors: 0, Skipped: 0, Time elapsed: 0.065 s -- in org.apache.commons.codec.binary.Base64InputStreamTest
[INFO] Running org.apache.commons.codec.binary.Base32InputStreamTest
[INFO] Tests run: 18, Failures: 0, Errors: 0, Skipped: 0, Time elapsed: 0.056 s -- in org.apache.commons.codec.binary.Base32InputStreamTest
[INFO] Running org.apache.commons.codec.binary.HexTest
[INFO] Tests run: 236, Failures: 0, Errors: 0, Skipped: 0, Time elapsed: 1.091 s -- in org.apache.commons.codec.binary.HexTest
[INFO] Running org.apache.commons.codec.binary.Base16InputStreamTest
[INFO] Tests run: 14, Failures: 0, Errors: 0, Skipped: 0, Time elapsed: 0.025 s -- in org.apache.commons.codec.binary.Base16InputStreamTest
[INFO] Running org.apache.commons.codec.binary.Base64Test
[WARNING] Tests run: 103, Failures: 0, Errors: 0, Skipped: 1, Time elapsed: 0.354 s -- in org.apache.commons.codec.binary.Base64Test
[INFO] Running org.apache.commons.codec.binary.Base64OutputStreamTest
[INFO] Tests run: 9, Failures: 0, Errors: 0, Skipped: 0, Time elapsed: 0.033 s -- in org.apache.commons.codec.binary.Base64OutputStreamTest
[INFO] Running org.apache.commons.codec.binary.StringUtilsTest
[INFO] Tests run: 22, Failures: 0, Errors: 0, Skipped: 0, Time elapsed: 0.028 s -- in org.apache.commons.codec.binary.StringUtilsTest
[INFO] Running org.apache.commons.codec.binary.BinaryCodecTest
[INFO] Tests run: 13, Failures: 0, Errors: 0, Skipped: 0, Time elapsed: 0.019 s -- in org.apache.commons.codec.binary.BinaryCodecTest
[INFO] Running org.apache.commons.codec.binary.AllocateDirectHexTest
[INFO] Tests run: 236, Failures: 0, Errors: 0, Skipped: 0, Time elapsed: 0.925 s -- in org.apache.commons.codec.binary.AllocateDirectHexTest
[INFO] Running org.apache.commons.codec.binary.Base32Test
[INFO] Tests run: 32, Failures: 0, Errors: 0, Skipped: 0, Time elapsed: 0.043 s -- in org.apache.commons.codec.binary.Base32Test
[INFO] Running org.apache.commons.codec.DecoderExceptionTest
[INFO] Tests run: 5, Failures: 0, Errors: 0, Skipped: 0, Time elapsed: 0.006 s -- in org.apache.commons.codec.DecoderExceptionTest
[INFO] 
[INFO] Results:
[INFO] 
[WARNING] Tests run: 18549, Failures: 0, Errors: 0, Skipped: 20
[INFO] 
INFO: Adding excluded groups to newly created one
INFO: Creating new argline for Surefire
CONFIG: nondexFilter=.*
nondexMode=FULL
nondexSeed=1016066
nondexStart=0
nondexEnd=9223372036854775807
nondexPrintstack=false
nondexDir=/home/pedro_campelo/projects/cin/testesDeValidacaoDeSoftware/flaky-tests-experiments/commons-codec/.nondex
nondexJarDir=/home/pedro_campelo/projects/cin/testesDeValidacaoDeSoftware/flaky-tests-experiments/commons-codec/.nondex
nondexExecid=FxpxF7Hwv7f9b8qzxwSEert0FpmdY2y9YvRz346uueM=
nondexLogging=CONFIG
test=
[WARNING]  Parameter 'disableXmlReport' (user property 'disableXmlReport') is deprecated: Instead use disable within statelessTestsetReporter since of 3.0.0-M6.
[INFO] Using auto detected provider org.apache.maven.surefire.junitplatform.JUnitPlatformProvider
[INFO] 
[INFO] -------------------------------------------------------
[INFO]  T E S T S
[INFO] -------------------------------------------------------
[INFO] Running org.apache.commons.codec.CharsetsTest
[INFO] Tests run: 8, Failures: 0, Errors: 0, Skipped: 0, Time elapsed: 0.082 s -- in org.apache.commons.codec.CharsetsTest
[INFO] Running org.apache.commons.codec.EncoderExceptionTest
[INFO] Tests run: 4, Failures: 0, Errors: 0, Skipped: 0, Time elapsed: 0.010 s -- in org.apache.commons.codec.EncoderExceptionTest
[INFO] Running org.apache.commons.codec.StringEncoderComparatorTest
[INFO] Tests run: 3, Failures: 0, Errors: 0, Skipped: 0, Time elapsed: 0.011 s -- in org.apache.commons.codec.StringEncoderComparatorTest
[INFO] Running org.apache.commons.codec.CharEncodingTest
[INFO] Tests run: 7, Failures: 0, Errors: 0, Skipped: 0, Time elapsed: 0.016 s -- in org.apache.commons.codec.CharEncodingTest
[INFO] Running org.apache.commons.codec.cli.DigestTest
[INFO] Tests run: 2, Failures: 0, Errors: 0, Skipped: 0, Time elapsed: 0.008 s -- in org.apache.commons.codec.cli.DigestTest
[INFO] Running org.apache.commons.codec.digest.HmacUtilsTest
[INFO] Tests run: 23, Failures: 0, Errors: 0, Skipped: 0, Time elapsed: 0.110 s -- in org.apache.commons.codec.digest.HmacUtilsTest
[INFO] Running org.apache.commons.codec.digest.Apr1CryptTest
[INFO] Tests run: 9, Failures: 0, Errors: 0, Skipped: 0, Time elapsed: 0.066 s -- in org.apache.commons.codec.digest.Apr1CryptTest
[INFO] Running org.apache.commons.codec.digest.Blake3Test
[INFO] Tests run: 1, Failures: 0, Errors: 0, Skipped: 0, Time elapsed: 0.005 s -- in org.apache.commons.codec.digest.Blake3Test
[INFO] Running org.apache.commons.codec.digest.PureJavaCrc32CTest
[INFO] Tests run: 4, Failures: 0, Errors: 0, Skipped: 0, Time elapsed: 0.015 s -- in org.apache.commons.codec.digest.PureJavaCrc32CTest
[INFO] Running org.apache.commons.codec.digest.MurmurHash3Test
[INFO] Tests run: 27, Failures: 0, Errors: 0, Skipped: 0, Time elapsed: 2.641 s -- in org.apache.commons.codec.digest.MurmurHash3Test
[INFO] Running org.apache.commons.codec.digest.XXHash32Test
[INFO] Tests run: 6, Failures: 0, Errors: 0, Skipped: 0, Time elapsed: 0.086 s -- in org.apache.commons.codec.digest.XXHash32Test
[INFO] Running org.apache.commons.codec.digest.Blake3TestVectorsTest
[INFO] Tests run: 175, Failures: 0, Errors: 0, Skipped: 0, Time elapsed: 1.060 s -- in org.apache.commons.codec.digest.Blake3TestVectorsTest
[INFO] Running org.apache.commons.codec.digest.Sha512CryptTest
[INFO] Tests run: 10, Failures: 0, Errors: 0, Skipped: 0, Time elapsed: 0.132 s -- in org.apache.commons.codec.digest.Sha512CryptTest
[INFO] Running org.apache.commons.codec.digest.MessageDigestAlgorithmsTest
[WARNING] Tests run: 135, Failures: 0, Errors: 0, Skipped: 18, Time elapsed: 5.505 s -- in org.apache.commons.codec.digest.MessageDigestAlgorithmsTest
[INFO] Running org.apache.commons.codec.digest.UnixCryptTest
[INFO] Tests run: 9, Failures: 0, Errors: 0, Skipped: 0, Time elapsed: 0.017 s -- in org.apache.commons.codec.digest.UnixCryptTest
[INFO] Running org.apache.commons.codec.digest.PureJavaCrc32Test
[INFO] Tests run: 1, Failures: 0, Errors: 0, Skipped: 0, Time elapsed: 0.091 s -- in org.apache.commons.codec.digest.PureJavaCrc32Test
[INFO] Running org.apache.commons.codec.digest.MurmurHash2Test
[INFO] Tests run: 8, Failures: 0, Errors: 0, Skipped: 0, Time elapsed: 0.019 s -- in org.apache.commons.codec.digest.MurmurHash2Test
[INFO] Running org.apache.commons.codec.digest.CryptTest
[INFO] Tests run: 9, Failures: 0, Errors: 0, Skipped: 0, Time elapsed: 0.044 s -- in org.apache.commons.codec.digest.CryptTest
[INFO] Running org.apache.commons.codec.digest.Crc16Test
[INFO] Tests run: 112, Failures: 0, Errors: 0, Skipped: 0, Time elapsed: 0.797 s -- in org.apache.commons.codec.digest.Crc16Test
[INFO] Running org.apache.commons.codec.digest.XXHash32OverflowTest
[INFO] Tests run: 1, Failures: 0, Errors: 0, Skipped: 0, Time elapsed: 2.135 s -- in org.apache.commons.codec.digest.XXHash32OverflowTest
[INFO] Running org.apache.commons.codec.digest.B64Test
[INFO] Tests run: 2, Failures: 0, Errors: 0, Skipped: 0, Time elapsed: 0.002 s -- in org.apache.commons.codec.digest.B64Test
[INFO] Running org.apache.commons.codec.digest.Sha256CryptTest
[INFO] Tests run: 9, Failures: 0, Errors: 0, Skipped: 0, Time elapsed: 0.079 s -- in org.apache.commons.codec.digest.Sha256CryptTest
[INFO] Running org.apache.commons.codec.digest.DigestUtilsTest
[INFO] Tests run: 46, Failures: 0, Errors: 0, Skipped: 0, Time elapsed: 0.730 s -- in org.apache.commons.codec.digest.DigestUtilsTest
[INFO] Running org.apache.commons.codec.digest.HmacAlgorithmsTest
[INFO] Tests run: 108, Failures: 0, Errors: 0, Skipped: 0, Time elapsed: 1.411 s -- in org.apache.commons.codec.digest.HmacAlgorithmsTest
[INFO] Running org.apache.commons.codec.digest.Sha2CryptTest
[INFO] Tests run: 1, Failures: 0, Errors: 0, Skipped: 0, Time elapsed: 0.001 s -- in org.apache.commons.codec.digest.Sha2CryptTest
[INFO] Running org.apache.commons.codec.digest.Md5CryptTest
[INFO] Tests run: 10, Failures: 0, Errors: 0, Skipped: 0, Time elapsed: 0.027 s -- in org.apache.commons.codec.digest.Md5CryptTest
[INFO] Running org.apache.commons.codec.language.bm.PhoneticEngineTest
[INFO] Tests run: 14, Failures: 0, Errors: 0, Skipped: 0, Time elapsed: 0.258 s -- in org.apache.commons.codec.language.bm.PhoneticEngineTest
[INFO] Running org.apache.commons.codec.language.bm.RuleTest
[INFO] Tests run: 4, Failures: 0, Errors: 0, Skipped: 0, Time elapsed: 0.007 s -- in org.apache.commons.codec.language.bm.RuleTest
[INFO] Running org.apache.commons.codec.language.bm.PhoneticEngineRegressionTest
[INFO] Tests run: 4, Failures: 0, Errors: 0, Skipped: 0, Time elapsed: 0.032 s -- in org.apache.commons.codec.language.bm.PhoneticEngineRegressionTest
[INFO] Running org.apache.commons.codec.language.bm.BeiderMorseEncoderTest
[INFO] Tests run: 22, Failures: 0, Errors: 0, Skipped: 0, Time elapsed: 6.496 s -- in org.apache.commons.codec.language.bm.BeiderMorseEncoderTest
[INFO] Running org.apache.commons.codec.language.bm.LanguageGuessingTest
[INFO] Tests run: 18, Failures: 0, Errors: 0, Skipped: 0, Time elapsed: 0.092 s -- in org.apache.commons.codec.language.bm.LanguageGuessingTest
[INFO] Running org.apache.commons.codec.language.MetaphoneTest
[INFO] Tests run: 34, Failures: 0, Errors: 0, Skipped: 0, Time elapsed: 0.050 s -- in org.apache.commons.codec.language.MetaphoneTest
[INFO] Running org.apache.commons.codec.language.RefinedSoundexTest
[INFO] Tests run: 11, Failures: 0, Errors: 0, Skipped: 0, Time elapsed: 0.015 s -- in org.apache.commons.codec.language.RefinedSoundexTest
[INFO] Running org.apache.commons.codec.language.Caverphone1Test
[INFO] Tests run: 9, Failures: 0, Errors: 0, Skipped: 0, Time elapsed: 0.013 s -- in org.apache.commons.codec.language.Caverphone1Test
[INFO] Running org.apache.commons.codec.language.Caverphone2Test
[INFO] Tests run: 13, Failures: 0, Errors: 0, Skipped: 0, Time elapsed: 0.024 s -- in org.apache.commons.codec.language.Caverphone2Test
[INFO] Running org.apache.commons.codec.language.NysiisTest
[INFO] Tests run: 23, Failures: 0, Errors: 0, Skipped: 0, Time elapsed: 0.049 s -- in org.apache.commons.codec.language.NysiisTest
[INFO] Running org.apache.commons.codec.language.DoubleMetaphone2Test
[INFO] Tests run: 6, Failures: 0, Errors: 0, Skipped: 0, Time elapsed: 0.026 s -- in org.apache.commons.codec.language.DoubleMetaphone2Test
[INFO] Running org.apache.commons.codec.language.ColognePhoneticTest
[INFO] Tests run: 15, Failures: 0, Errors: 0, Skipped: 0, Time elapsed: 0.026 s -- in org.apache.commons.codec.language.ColognePhoneticTest
[INFO] Running org.apache.commons.codec.language.MatchRatingApproachEncoderTest
[INFO] Tests run: 100, Failures: 0, Errors: 0, Skipped: 0, Time elapsed: 0.156 s -- in org.apache.commons.codec.language.MatchRatingApproachEncoderTest
[INFO] Running org.apache.commons.codec.language.SoundexTest
[INFO] Tests run: 31, Failures: 0, Errors: 0, Skipped: 0, Time elapsed: 0.039 s -- in org.apache.commons.codec.language.SoundexTest
[INFO] Running org.apache.commons.codec.language.DaitchMokotoffSoundexTest
[INFO] Tests run: 16641, Failures: 0, Errors: 0, Skipped: 0, Time elapsed: 83.19 s -- in org.apache.commons.codec.language.DaitchMokotoffSoundexTest
[INFO] Running org.apache.commons.codec.language.DoubleMetaphoneTest
[INFO] Tests run: 17, Failures: 0, Errors: 0, Skipped: 0, Time elapsed: 0.033 s -- in org.apache.commons.codec.language.DoubleMetaphoneTest
[INFO] Running org.apache.commons.codec.net.PercentCodecTest
[WARNING] Tests run: 13, Failures: 0, Errors: 0, Skipped: 1, Time elapsed: 0.023 s -- in org.apache.commons.codec.net.PercentCodecTest
[INFO] Running org.apache.commons.codec.net.URLCodecTest
[INFO] Tests run: 16, Failures: 0, Errors: 0, Skipped: 0, Time elapsed: 0.028 s -- in org.apache.commons.codec.net.URLCodecTest
[INFO] Running org.apache.commons.codec.net.QCodecTest
[INFO] Tests run: 12, Failures: 0, Errors: 0, Skipped: 0, Time elapsed: 0.016 s -- in org.apache.commons.codec.net.QCodecTest
[INFO] Running org.apache.commons.codec.net.QuotedPrintableCodecTest
[INFO] Tests run: 22, Failures: 0, Errors: 0, Skipped: 0, Time elapsed: 0.030 s -- in org.apache.commons.codec.net.QuotedPrintableCodecTest
[INFO] Running org.apache.commons.codec.net.RFC1522CodecTest
[INFO] Tests run: 2, Failures: 0, Errors: 0, Skipped: 0, Time elapsed: 0.003 s -- in org.apache.commons.codec.net.RFC1522CodecTest
[INFO] Running org.apache.commons.codec.net.UtilsTest
[INFO] Tests run: 1, Failures: 0, Errors: 0, Skipped: 0, Time elapsed: 0.002 s -- in org.apache.commons.codec.net.UtilsTest
[INFO] Running org.apache.commons.codec.net.BCodecTest
[INFO] Tests run: 12, Failures: 0, Errors: 0, Skipped: 0, Time elapsed: 0.023 s -- in org.apache.commons.codec.net.BCodecTest
[INFO] Running org.apache.commons.codec.ResourcesTest
[INFO] Tests run: 2, Failures: 0, Errors: 0, Skipped: 0, Time elapsed: 0.015 s -- in org.apache.commons.codec.ResourcesTest
[INFO] Running org.apache.commons.codec.binary.Base16Test
[INFO] Tests run: 31, Failures: 0, Errors: 0, Skipped: 0, Time elapsed: 0.057 s -- in org.apache.commons.codec.binary.Base16Test
[INFO] Running org.apache.commons.codec.binary.Base32OutputStreamTest
[INFO] Tests run: 8, Failures: 0, Errors: 0, Skipped: 0, Time elapsed: 0.057 s -- in org.apache.commons.codec.binary.Base32OutputStreamTest
[INFO] Running org.apache.commons.codec.binary.CharSequenceUtilsTest
[INFO] Tests run: 2, Failures: 0, Errors: 0, Skipped: 0, Time elapsed: 0.005 s -- in org.apache.commons.codec.binary.CharSequenceUtilsTest
[INFO] Running org.apache.commons.codec.binary.BaseNCodecTest
[INFO] Tests run: 12, Failures: 0, Errors: 0, Skipped: 0, Time elapsed: 1.685 s -- in org.apache.commons.codec.binary.BaseNCodecTest
[INFO] Running org.apache.commons.codec.binary.Base64Codec13Test
[INFO] Tests run: 8, Failures: 0, Errors: 0, Skipped: 0, Time elapsed: 0.015 s -- in org.apache.commons.codec.binary.Base64Codec13Test
[INFO] Running org.apache.commons.codec.binary.Base16OutputStreamTest
[INFO] Tests run: 6, Failures: 0, Errors: 0, Skipped: 0, Time elapsed: 0.031 s -- in org.apache.commons.codec.binary.Base16OutputStreamTest
[INFO] Running org.apache.commons.codec.binary.Base64InputStreamTest
[INFO] Tests run: 22, Failures: 0, Errors: 0, Skipped: 0, Time elapsed: 0.059 s -- in org.apache.commons.codec.binary.Base64InputStreamTest
[INFO] Running org.apache.commons.codec.binary.Base32InputStreamTest
[INFO] Tests run: 18, Failures: 0, Errors: 0, Skipped: 0, Time elapsed: 0.047 s -- in org.apache.commons.codec.binary.Base32InputStreamTest
[INFO] Running org.apache.commons.codec.binary.HexTest
[INFO] Tests run: 236, Failures: 0, Errors: 0, Skipped: 0, Time elapsed: 1.056 s -- in org.apache.commons.codec.binary.HexTest
[INFO] Running org.apache.commons.codec.binary.Base16InputStreamTest
[INFO] Tests run: 14, Failures: 0, Errors: 0, Skipped: 0, Time elapsed: 0.027 s -- in org.apache.commons.codec.binary.Base16InputStreamTest
[INFO] Running org.apache.commons.codec.binary.Base64Test
[WARNING] Tests run: 103, Failures: 0, Errors: 0, Skipped: 1, Time elapsed: 0.420 s -- in org.apache.commons.codec.binary.Base64Test
[INFO] Running org.apache.commons.codec.binary.Base64OutputStreamTest
[INFO] Tests run: 9, Failures: 0, Errors: 0, Skipped: 0, Time elapsed: 0.036 s -- in org.apache.commons.codec.binary.Base64OutputStreamTest
[INFO] Running org.apache.commons.codec.binary.StringUtilsTest
[INFO] Tests run: 22, Failures: 0, Errors: 0, Skipped: 0, Time elapsed: 0.027 s -- in org.apache.commons.codec.binary.StringUtilsTest
[INFO] Running org.apache.commons.codec.binary.BinaryCodecTest
[INFO] Tests run: 13, Failures: 0, Errors: 0, Skipped: 0, Time elapsed: 0.019 s -- in org.apache.commons.codec.binary.BinaryCodecTest
[INFO] Running org.apache.commons.codec.binary.AllocateDirectHexTest
[INFO] Tests run: 236, Failures: 0, Errors: 0, Skipped: 0, Time elapsed: 0.943 s -- in org.apache.commons.codec.binary.AllocateDirectHexTest
[INFO] Running org.apache.commons.codec.binary.Base32Test
[INFO] Tests run: 32, Failures: 0, Errors: 0, Skipped: 0, Time elapsed: 0.041 s -- in org.apache.commons.codec.binary.Base32Test
[INFO] Running org.apache.commons.codec.DecoderExceptionTest
[INFO] Tests run: 5, Failures: 0, Errors: 0, Skipped: 0, Time elapsed: 0.006 s -- in org.apache.commons.codec.DecoderExceptionTest
[INFO] 
[INFO] Results:
[INFO] 
[WARNING] Tests run: 18549, Failures: 0, Errors: 0, Skipped: 20
[INFO] 
[INFO] NonDex SUMMARY:
[INFO] *********
[INFO] mvn nondex:nondex  -DnondexFilter='.*' -DnondexMode=FULL -DnondexSeed=933178 -DnondexStart=0 -DnondexEnd=9223372036854775807 -DnondexPrintstack=false -DnondexDir="/home/pedro_campelo/projects/cin/testesDeValidacaoDeSoftware/flaky-tests-experiments/commons-codec/.nondex" -DnondexJarDir="/home/pedro_campelo/projects/cin/testesDeValidacaoDeSoftware/flaky-tests-experiments/commons-codec/.nondex" -DnondexExecid=zmfBjKE1cCTL4ucPQD4mRmbgbbHGGEaeLhFRChJ+No= -DnondexLogging=CONFIG
[INFO] No Test Failed with this configuration.
[INFO] *********
[INFO] *********
[INFO] mvn nondex:nondex  -DnondexFilter='.*' -DnondexMode=FULL -DnondexSeed=974622 -DnondexStart=0 -DnondexEnd=9223372036854775807 -DnondexPrintstack=false -DnondexDir="/home/pedro_campelo/projects/cin/testesDeValidacaoDeSoftware/flaky-tests-experiments/commons-codec/.nondex" -DnondexJarDir="/home/pedro_campelo/projects/cin/testesDeValidacaoDeSoftware/flaky-tests-experiments/commons-codec/.nondex" -DnondexExecid=ah0AVSbX12pLQCOeKSK+HqWfUV4hP4KIpcn6+WDoEw= -DnondexLogging=CONFIG
[INFO] No Test Failed with this configuration.
[INFO] *********
[INFO] *********
[INFO] mvn nondex:nondex  -DnondexFilter='.*' -DnondexMode=FULL -DnondexSeed=1016066 -DnondexStart=0 -DnondexEnd=9223372036854775807 -DnondexPrintstack=false -DnondexDir="/home/pedro_campelo/projects/cin/testesDeValidacaoDeSoftware/flaky-tests-experiments/commons-codec/.nondex" -DnondexJarDir="/home/pedro_campelo/projects/cin/testesDeValidacaoDeSoftware/flaky-tests-experiments/commons-codec/.nondex" -DnondexExecid=FxpxF7Hwv7f9b8qzxwSEert0FpmdY2y9YvRz346uueM= -DnondexLogging=CONFIG
[INFO] No Test Failed with this configuration.
[INFO] *********
[INFO] All tests pass without NonDex shuffling
[INFO] ####################
[INFO] Across all seeds:
[INFO] Test results can be found at: 
[INFO] file:///home/pedro_campelo/projects/cin/testesDeValidacaoDeSoftware/flaky-tests-experiments/commons-codec/.nondex/zmfBjKE1cCTL4ucPQD4mRmbgbbHGGEaeLhFRChJ+No=/test_results.html
[INFO] [NonDex] The id of this run is: zmfBjKE1cCTL4ucPQD4mRmbgbbHGGEaeLhFRChJ+No=
[INFO] ------------------------------------------------------------------------
[INFO] BUILD SUCCESS
[INFO] ------------------------------------------------------------------------
[INFO] Total time:  06:21 min
[INFO] Finished at: 2025-12-10T13:40:52-03:00
[INFO] ------------------------------------------------------------------------
