> Task :buildSrc:checkKotlinGradlePluginConfigurationErrors SKIPPED
> Task :buildSrc:generateExternalPluginSpecBuilders UP-TO-DATE
> Task :buildSrc:extractPrecompiledScriptPluginPlugins UP-TO-DATE
> Task :buildSrc:compilePluginsBlocks UP-TO-DATE
> Task :buildSrc:generatePrecompiledScriptPluginAccessors UP-TO-DATE
> Task :buildSrc:generateScriptPluginAdapters UP-TO-DATE
> Task :buildSrc:compileKotlin UP-TO-DATE
> Task :buildSrc:compileJava NO-SOURCE
> Task :buildSrc:compileGroovy NO-SOURCE
> Task :buildSrc:pluginDescriptors UP-TO-DATE
> Task :buildSrc:processResources UP-TO-DATE
> Task :buildSrc:classes UP-TO-DATE
> Task :buildSrc:jar UP-TO-DATE

> Configure project :
Building version '5.20.1-SNAPSHOT'
  - reason: shipkit-auto-version deduced snapshot based on tag: 'v5.20.0'

> Task :mockito-extensions:mockito-proxy:processResources UP-TO-DATE
> Task :mockito-extensions:mockito-android:processResources UP-TO-DATE
> Task :mockito-extensions:mockito-subclass:processResources UP-TO-DATE
> Task :mockito-integration-tests:extensions-tests:compileJava NO-SOURCE
> Task :mockito-extensions:mockito-junit-jupiter:processResources NO-SOURCE
> Task :mockito-integration-tests:groovy-tests:compileJava NO-SOURCE
> Task :mockito-integration-tests:graalvm-tests:processResources NO-SOURCE
> Task :mockito-extensions:mockito-proxy:processTestResources NO-SOURCE
> Task :mockito-extensions:mockito-subclass:processTestResources NO-SOURCE
> Task :mockito-extensions:mockito-android:processTestResources NO-SOURCE
> Task :mockito-integration-tests:groovy-inline-tests:compileJava NO-SOURCE
> Task :mockito-extensions:mockito-errorprone:processResources NO-SOURCE
> Task :mockito-integration-tests:extensions-tests:processResources NO-SOURCE
> Task :mockito-extensions:mockito-junit-jupiter:processTestResources NO-SOURCE
> Task :mockito-integration-tests:extensions-tests:classes UP-TO-DATE
> Task :mockito-integration-tests:graalvm-tests:processTestResources NO-SOURCE
> Task :mockito-integration-tests:inline-mocks-tests:processResources NO-SOURCE
> Task :mockito-integration-tests:java-21-tests:processResources NO-SOURCE
> Task :mockito-extensions:mockito-errorprone:processTestResources NO-SOURCE
> Task :mockito-integration-tests:groovy-tests:compileGroovy NO-SOURCE
> Task :mockito-integration-tests:groovy-inline-tests:compileGroovy NO-SOURCE
> Task :mockito-integration-tests:inline-mocks-tests:processTestResources NO-SOURCE
> Task :mockito-integration-tests:java-21-tests:processTestResources NO-SOURCE
> Task :mockito-integration-tests:kotlin-release-coroutines-tests:checkKotlinGradlePluginConfigurationErrors SKIPPED
> Task :mockito-integration-tests:kotlin-tests:checkKotlinGradlePluginConfigurationErrors SKIPPED
> Task :mockito-integration-tests:groovy-inline-tests:processResources NO-SOURCE
> Task :mockito-integration-tests:junit-jupiter-extension-tests:compileJava NO-SOURCE
> Task :mockito-integration-tests:groovy-tests:processResources NO-SOURCE
> Task :mockito-integration-tests:groovy-inline-tests:classes UP-TO-DATE
> Task :mockito-integration-tests:groovy-tests:classes UP-TO-DATE
> Task :mockito-integration-tests:memory-tests:processResources NO-SOURCE
> Task :mockito-integration-tests:junit-jupiter-parallel-tests:compileJava NO-SOURCE
> Task :mockito-integration-tests:junit-jupiter-inline-mock-maker-extension-tests:compileJava NO-SOURCE
> Task :mockito-integration-tests:extensions-tests:processTestResources UP-TO-DATE
> Task :mockito-integration-tests:junit-jupiter-extension-tests:processResources NO-SOURCE
> Task :mockito-integration-tests:groovy-inline-tests:processTestResources NO-SOURCE
> Task :mockito-integration-tests:groovy-tests:processTestResources NO-SOURCE
> Task :mockito-integration-tests:memory-tests:processTestResources NO-SOURCE
> Task :mockito-integration-tests:junit-jupiter-extension-tests:classes UP-TO-DATE
> Task :mockito-integration-tests:junit-jupiter-parallel-tests:processResources NO-SOURCE
> Task :mockito-integration-tests:junit-jupiter-inline-mock-maker-extension-tests:processResources NO-SOURCE
> Task :mockito-integration-tests:junit-jupiter-parallel-tests:classes UP-TO-DATE
> Task :mockito-integration-tests:junit-jupiter-inline-mock-maker-extension-tests:classes UP-TO-DATE
> Task :mockito-integration-tests:kotlin-release-coroutines-tests:compileKotlin NO-SOURCE
> Task :mockito-integration-tests:module-named-tests:processResources NO-SOURCE
> Task :mockito-integration-tests:module-tests:processResources NO-SOURCE
> Task :mockito-integration-tests:programmatic-tests:processResources NO-SOURCE
> Task :mockito-integration-tests:kotlin-tests:compileKotlin NO-SOURCE
> Task :mockito-integration-tests:module-tests:processTestResources NO-SOURCE
> Task :mockito-integration-tests:junit-jupiter-parallel-tests:processTestResources UP-TO-DATE
> Task :mockito-integration-tests:programmatic-tests:processTestResources NO-SOURCE
> Task :mockito-integration-tests:junit-jupiter-extension-tests:processTestResources UP-TO-DATE
> Task :mockito-integration-tests:module-named-tests:processTestResources NO-SOURCE
> Task :mockito-integration-tests:kotlin-release-coroutines-tests:compileJava NO-SOURCE
> Task :mockito-integration-tests:kotlin-tests:compileJava NO-SOURCE
> Task :mockito-integration-tests:junit-jupiter-inline-mock-maker-extension-tests:processTestResources UP-TO-DATE
> Task :mockito-integration-tests:kotlin-release-coroutines-tests:processResources NO-SOURCE
> Task :mockito-integration-tests:kotlin-release-coroutines-tests:classes UP-TO-DATE
> Task :mockito-integration-tests:kotlin-tests:processResources NO-SOURCE
> Task :mockito-integration-tests:kotlin-tests:classes UP-TO-DATE
> Task :mockito-integration-tests:kotlin-tests:jar UP-TO-DATE
> Task :mockito-integration-tests:kotlin-tests:processTestResources UP-TO-DATE
> Task :mockito-integration-tests:kotlin-release-coroutines-tests:jar UP-TO-DATE
> Task :mockito-integration-tests:kotlin-release-coroutines-tests:processTestResources UP-TO-DATE
> Task :mockito-integration-tests:osgi-tests:compileOtherBundleJava
> Task :mockito-integration-tests:osgi-tests:processOtherBundleResources NO-SOURCE
> Task :mockito-integration-tests:osgi-tests:otherBundleClasses
> Task :mockito-integration-tests:osgi-tests:otherBundle
> Task :mockito-integration-tests:osgi-tests:processTestBundleResources NO-SOURCE
> Task :mockito-integration-tests:osgi-tests:compileJava NO-SOURCE
> Task :mockito-integration-tests:osgi-tests:processResources NO-SOURCE
> Task :mockito-integration-tests:osgi-tests:classes UP-TO-DATE
> Task :mockito-integration-tests:osgi-tests:processTestResources NO-SOURCE

> Task :mockito-core:compileJava

> Task :mockito-integration-tests:java-21-tests:compileJava NO-SOURCE
> Task :mockito-integration-tests:memory-tests:compileJava NO-SOURCE
> Task :mockito-extensions:mockito-proxy:compileJava NO-SOURCE
> Task :mockito-integration-tests:java-21-tests:classes UP-TO-DATE
> Task :mockito-extensions:mockito-subclass:compileJava NO-SOURCE
> Task :mockito-integration-tests:memory-tests:classes UP-TO-DATE
> Task :mockito-extensions:mockito-subclass:classes UP-TO-DATE
> Task :mockito-extensions:mockito-proxy:classes UP-TO-DATE
> Task :mockito-core:copyMockMethodDispatcher
> Task :mockito-integration-tests:inline-mocks-tests:compileJava NO-SOURCE
> Task :mockito-integration-tests:inline-mocks-tests:classes UP-TO-DATE
> Task :mockito-core:processResources NO-SOURCE
> Task :mockito-integration-tests:graalvm-tests:compileJava NO-SOURCE
> Task :mockito-integration-tests:graalvm-tests:classes UP-TO-DATE
> Task :mockito-core:removeInjectionPackageFromModuleInfo
> Task :mockito-core:classes
> Task :mockito-integration-tests:graalvm-tests:compileTestJava
> Task :mockito-integration-tests:java-21-tests:compileTestJava
> Task :mockito-integration-tests:java-21-tests:testClasses
> Task :mockito-integration-tests:graalvm-tests:testClasses
> Task :mockito-integration-tests:module-named-tests:compileJava NO-SOURCE
> Task :mockito-integration-tests:module-named-tests:classes UP-TO-DATE
> Task :mockito-integration-tests:module-tests:compileJava NO-SOURCE
> Task :mockito-integration-tests:module-tests:classes UP-TO-DATE

> Task :mockito-integration-tests:memory-tests:compileTestJava

> Task :mockito-integration-tests:memory-tests:testClasses
> Task :mockito-integration-tests:inline-mocks-tests:compileTestJava
> Task :mockito-integration-tests:inline-mocks-tests:testClasses
> Task :mockito-extensions:mockito-android:compileJava
> Task :mockito-integration-tests:programmatic-tests:compileJava NO-SOURCE
> Task :mockito-extensions:mockito-android:classes
> Task :mockito-integration-tests:programmatic-tests:classes UP-TO-DATE
> Task :mockito-extensions:mockito-android:compileTestJava NO-SOURCE
> Task :mockito-extensions:mockito-android:testClasses UP-TO-DATE
> Task :mockito-integration-tests:osgi-tests:compileTestBundleJava
> Task :mockito-integration-tests:osgi-tests:testBundleClasses
> Task :mockito-integration-tests:osgi-tests:testBundle
> Task :mockito-integration-tests:programmatic-tests:compileTestJava
> Task :mockito-integration-tests:programmatic-tests:testClasses
> Task :mockito-core:jar
> Task :mockito-extensions:mockito-android:test NO-SOURCE
> Task :mockito-extensions:mockito-android:retryTest SKIPPED
> Task :mockito-integration-tests:groovy-inline-tests:compileTestJava NO-SOURCE
> Task :mockito-integration-tests:module-tests:compileTestJava
> Task :mockito-integration-tests:groovy-tests:compileTestJava NO-SOURCE
> Task :mockito-integration-tests:osgi-tests:compileTestJava
> Task :mockito-integration-tests:kotlin-release-coroutines-tests:compileTestKotlin
> Task :mockito-extensions:mockito-subclass:compileTestJava
> Task :mockito-extensions:mockito-subclass:jar
> Task :mockito-extensions:mockito-subclass:testClasses
> Task :mockito-extensions:mockito-proxy:compileTestJava
> Task :mockito-extensions:mockito-proxy:testClasses

> Task :mockito-integration-tests:inline-mocks-tests:test



> Task :mockito-integration-tests:kotlin-tests:compileTestKotlin
> Task :mockito-extensions:mockito-errorprone:compileJava
> Task :mockito-extensions:mockito-errorprone:classes

> Task :mockito-integration-tests:java-21-tests:testWithBytebuddyAgent




> Task :mockito-core:compileTestFixturesJava

> Task :mockito-core:processTestFixturesResources NO-SOURCE
> Task :mockito-core:testFixturesClasses

> Task :mockito-extensions:mockito-subclass:test



> Task :mockito-core:testFixturesJar

> Task :mockito-extensions:mockito-proxy:test



  [0K[32m6 passing [90m(1.9s)[m


> Task :mockito-extensions:mockito-subclass:test

  [0K[32m2 passing [90m(2.5s)[m


> Task :mockito-extensions:mockito-subclass:retryTest SKIPPED
> Task :mockito-extensions:mockito-proxy:retryTest SKIPPED
> Task :mockito-integration-tests:kotlin-release-coroutines-tests:compileTestJava NO-SOURCE
> Task :mockito-integration-tests:kotlin-release-coroutines-tests:testClasses UP-TO-DATE
> Task :mockito-integration-tests:kotlin-tests:compileTestJava NO-SOURCE
> Task :mockito-integration-tests:kotlin-tests:testClasses UP-TO-DATE

> Task :mockito-integration-tests:graalvm-tests:test



> Task :mockito-extensions:mockito-junit-jupiter:compileJava
> Task :mockito-extensions:mockito-junit-jupiter:classes

> Task :mockito-integration-tests:java-21-tests:testWithBytebuddyAgent

  [0K[32m8 passing [90m(3.9s)[m


> Task :mockito-extensions:mockito-junit-jupiter:jar

> Task :mockito-integration-tests:graalvm-tests:test

  [0K[32m1 passing [90m(2.6s)[m


> Task :mockito-integration-tests:extensions-tests:compileTestJava
> Task :mockito-integration-tests:extensions-tests:testClasses

> Task :mockito-integration-tests:kotlin-release-coroutines-tests:test




> Task :mockito-integration-tests:kotlin-tests:test




> Task :mockito-integration-tests:java-21-tests:testWithEnableDynamicAgentLoading



> Task :mockito-integration-tests:groovy-inline-tests:compileTestGroovy
> Task :mockito-integration-tests:groovy-inline-tests:testClasses
> Task :mockito-integration-tests:groovy-tests:compileTestGroovy
> Task :mockito-integration-tests:groovy-tests:testClasses

> Task :mockito-extensions:mockito-errorprone:compileTestJava

> Task :mockito-extensions:mockito-junit-jupiter:compileTestJava
> Task :mockito-extensions:mockito-junit-jupiter:testClasses

> Task :mockito-integration-tests:extensions-tests:test



> Task :mockito-extensions:mockito-errorprone:testClasses

> Task :mockito-integration-tests:kotlin-release-coroutines-tests:test

  [0K[32m5 passing [90m(5.8s)[m


> Task :mockito-integration-tests:junit-jupiter-extension-tests:compileTestJava
> Task :mockito-integration-tests:junit-jupiter-extension-tests:testClasses

> Task :mockito-integration-tests:groovy-inline-tests:test



> Task :mockito-integration-tests:kotlin-tests:test

  [0K[32m24 passing [90m(6.3s)[m


> Task :mockito-integration-tests:groovy-tests:test



> Task :mockito-integration-tests:junit-jupiter-inline-mock-maker-extension-tests:compileTestJava
> Task :mockito-integration-tests:junit-jupiter-inline-mock-maker-extension-tests:testClasses

> Task :mockito-integration-tests:java-21-tests:testWithEnableDynamicAgentLoading

  [0K[32m8 passing [90m(5s)[m


> Task :mockito-extensions:mockito-junit-jupiter:test



> Task :mockito-integration-tests:extensions-tests:test

  [0K[32m14 passing [90m(4.7s)[m


> Task :mockito-integration-tests:junit-jupiter-parallel-tests:compileTestJava
> Task :mockito-integration-tests:junit-jupiter-parallel-tests:testClasses

> Task :mockito-extensions:mockito-errorprone:test




> Task :mockito-integration-tests:junit-jupiter-extension-tests:test




> Task :mockito-integration-tests:junit-jupiter-inline-mock-maker-extension-tests:test




> Task :mockito-integration-tests:java-21-tests:testWithMockitoAgent




> Task :mockito-integration-tests:junit-jupiter-parallel-tests:test



> Task :mockito-integration-tests:groovy-tests:test

  [0K[32m1 passing [90m(5.8s)[m


> Task :mockito-integration-tests:groovy-inline-tests:test

  [0K[32m1 passing [90m(6.3s)[m


> Task :mockito-integration-tests:module-named-tests:compileTestJava
> Task :mockito-integration-tests:module-named-tests:testClasses

> Task :mockito-integration-tests:java-21-tests:testWithMockitoAgent

  [0K[32m8 passing [90m(4.7s)[m


> Task :mockito-integration-tests:junit-jupiter-extension-tests:test

  [0K[32m1 passing [90m(5.5s)[m


> Task :mockito-integration-tests:module-tests:testClasses

> Task :mockito-integration-tests:junit-jupiter-parallel-tests:test

  [0K[32m14 passing [90m(4.2s)[m


> Task :mockito-integration-tests:osgi-tests:testClasses

> Task :mockito-integration-tests:junit-jupiter-inline-mock-maker-extension-tests:test

  [0K[32m6 passing [90m(5.6s)[m


> Task :mockito-integration-tests:memory-tests:test




> Task :mockito-integration-tests:module-named-tests:test




> Task :mockito-extensions:mockito-junit-jupiter:test
  [0K[39morg.mockitousage.JunitJupiterSkippedTest > NestedSkipBeforeAllMockitoThenSkip [36m- should_handle_skip_in_before_all()[m
  [0K[39morg.mockitousage.JunitJupiterSkippedTest > NestedSkipBeforeAllSkipThenMockito [36m- should_handle_skip_in_before_all()[m
  [0K[39morg.mockitousage.JunitJupiterSkippedTest > NestedSkipBeforeEachMockito [36m- should_handle_skip_after_before_each()[m
  [0K[39morg.mockitousage.JunitJupiterSkippedTest > NestedSkipBeforeEachMockito [36m- should_handle_skip_in_before_each()[m
  [0K[39morg.mockitousage.JunitJupiterSkippedTest > NestedSkipBeforeEachMockito [36m- should_handle_skip_in_test()[m


> Task :mockito-integration-tests:java-21-tests:test



> Task :mockito-extensions:mockito-errorprone:test

  [0K[32m14 passing [90m(7.5s)[m


> Task :mockito-integration-tests:module-tests:test



> Task :mockito-extensions:mockito-errorprone:retryTest SKIPPED

> Task :mockito-extensions:mockito-junit-jupiter:test

  [0K[32m42 passing [90m(9.2s)
  [0K[36m5 pending[m


> Task :mockito-extensions:mockito-junit-jupiter:retryTest SKIPPED

> Task :mockito-integration-tests:osgi-tests:test




> Task :mockito-integration-tests:programmatic-tests:test




> Task :mockito-integration-tests:module-named-tests:test

  [0K[32m4 passing [90m(4.1s)[m


> Task :mockito-integration-tests:java-21-tests:test

  [0K[32m8 passing [90m(4s)[m


> Task :mockito-integration-tests:module-tests:test
  [0K[39morg.mockito.moduletest.ModuleAccessTest [36m- cannot_read_unopened_private_field_but_exception_includes_cause[m
  [0K[39morg.mockito.moduletest.ModuleHandlingTest [36m- can_define_class_in_open_java_util_module[0][m
  [0K[39morg.mockito.moduletest.ModuleHandlingTest [36m- can_define_class_in_open_reading_module[0][m
  [0K[39morg.mockito.moduletest.ModuleHandlingTest [36m- can_define_class_in_open_non_reading_module[0][m
  [0K[39morg.mockito.moduletest.ModuleHandlingTest [36m- can_define_class_in_closed_module[0][m
  [0K[39morg.mockito.moduletest.ModuleHandlingTest [36m- can_define_class_in_non_opened_non_exported_module_if_unsafe_injection[0][m
  [0K[39morg.mockito.moduletest.ModuleHandlingTest [36m- can_define_class_in_open_reading_private_module[0][m
  [0K[39morg.mockito.moduletest.ModuleHandlingTest [36m- can_define_class_in_open_non_reading_non_exporting_module[0][m
  [0K[39morg.mockito.moduletest.ModuleHandlingTest [36m- cannot_define_class_in_non_opened_non_exported_module_if_lookup_injection[0][m
  [0K[39morg.mockito.moduletest.ModuleHandlingTest [36m- can_define_class_in_open_java_util_module[1][m
  [0K[39morg.mockito.moduletest.ModuleHandlingTest [36m- can_define_class_in_open_reading_module[1][m
  [0K[39morg.mockito.moduletest.ModuleHandlingTest [36m- can_define_class_in_open_non_reading_module[1][m
  [0K[39morg.mockito.moduletest.ModuleHandlingTest [36m- can_define_class_in_closed_module[1][m
  [0K[39morg.mockito.moduletest.ModuleHandlingTest [36m- can_define_class_in_non_opened_non_exported_module_if_unsafe_injection[1][m
  [0K[39morg.mockito.moduletest.ModuleHandlingTest [36m- can_define_class_in_open_reading_private_module[1][m
  [0K[39morg.mockito.moduletest.ModuleHandlingTest [36m- can_define_class_in_open_non_reading_non_exporting_module[1][m
  [0K[39morg.mockito.moduletest.ModuleHandlingTest [36m- cannot_define_class_in_non_opened_non_exported_module_if_lookup_injection[1][m

  [0K[32m5 passing [90m(4.8s)
  [0K[36m17 pending[m


> Task :mockito-integration-tests:osgi-tests:test

  [0K[32m3 passing [90m(5s)[m


> Task :mockito-integration-tests:programmatic-tests:test

  [0K[32m8 passing [90m(5.7s)[m


> Task :mockito-integration-tests:inline-mocks-tests:test

  [0K[32m63 passing [90m(21.4s)[m


> Task :mockito-core:compileTestJava

> Task :mockito-core:createTestResources
> Task :mockito-core:processTestResources NO-SOURCE
> Task :mockito-core:testClasses

> Task :mockito-core:test



> Task :mockito-integration-tests:memory-tests:test

  [0K[32m2 passing [90m(13.7s)[m


> Task :mockito-core:test
  [0K[39morg.mockito.AnnotationsAreCopiedFromMockedTypeTest [36m- mock_should_have_annotations_copied_from_mocked_type_at_class_level[m
  [0K[39morg.mockito.MockTest [36m- should_have_matching_enum_in_strictness_enum[TEST_LEVEL_DEFAULT][m
  [0K[39morg.mockito.MockitoEnvTest [36m- uses_mock_maker_from_env[m
  [0K[39morg.mockito.MockitoEnvTest [36m- uses_default_mock_maker_from_env[m
  [0K[39morg.mockito.MockitoEnvTest [36m- uses_default_member_accessor_from_env[m
  [0K[39morg.mockito.MockitoEnvTest [36m- uses_member_accessor_from_env[m
  [0K[39morg.mockito.MockitoTest [36m- shouldGiveExplanationOnConstructionMockingMockMaker[m
  [0K[39morg.mockito.MockitoTest [36m- shouldGiveExplanationOnStaticMockingMockMaker[m
  [0K[39morg.mockito.PrematureGarbageCollectionTest [36m- provoke_premature_garbage_collection[m
  [0K[39morg.mockito.internal.runners.DefaultInternalRunnerTest [36m- does_not_fail_second_test_when_first_test_fail[m
  [0K[39morg.mockito.internal.stubbing.defaultanswers.ReturnsMocksTest [36m- should_return_null_for_final_class_if_unsupported[m
  [0K[39morg.mockitointegration.NoJUnitDependenciesTest [36m- pure_mockito_should_not_depend_JUnit___ByteBuddy[m
  [0K[39morg.mockitousage.annotation.SpyAnnotationTest [36m- should_report_private_inner_not_supported[m
  [0K[39morg.mockitousage.bugs.GenericsMockitoAnnotationsTest [36m- should_not_throw_class_cast_exception[m
  [0K[39morg.mockitousage.bugs.MultithreadedStubbingHalfManualTest [36m- tryToRevealTheProblem[m
  [0K[39morg.mockitousage.bugs.injection.ParentTestMockInjectionTest$ImplicitTest [36m- noNullPointerException[m


> Task :mockito-core:test
  [0K[39morg.mockitousage.jls.JLS_15_12_2_5Test [36m- with_variable_arg_and_matcher_String_cast[m
  [0K[39morg.mockitousage.jls.JLS_15_12_2_5Test [36m- with_single_arg_and_null_Object_reference[m
  [0K[39morg.mockitousage.jls.JLS_15_12_2_5Test [36m- with_variable_arg_and_null_Object_array[m
  [0K[39morg.mockitousage.jls.JLS_15_12_2_5Test [36m- with_variable_arg_and_matcher_String_array_cast[m
  [0K[39morg.mockitousage.jls.JLS_15_12_2_5Test [36m- with_single_arg_and_matcher_cast[m
  [0K[39morg.mockitousage.jls.JLS_15_12_2_5Test [36m- with_variable_arg_and_null_Object_arg[m
  [0K[39morg.mockitousage.jls.JLS_15_12_2_5Test [36m- with_variable_arg[m
  [0K[39morg.mockitousage.jls.JLS_15_12_2_5Test [36m- with_single_arg[m
  [0K[39morg.mockitousage.junitrunner.ModellingVerboseMockitoTest [36m- shouldLogUnusedStubbingWarningWhenTestFails[m
  [0K[39morg.mockitousage.junitrunner.ModellingVerboseMockitoTest [36m- shouldNotLogAnythingWhenNoWarnings[m
  [0K[39morg.mockitousage.matchers.MatchersMixedWithRawArgumentsTest [36m- shouldAllowMixingRawArgumentsWithMatchers[m
  [0K[39morg.mockitousage.matchers.VarargsTest [36m- shouldNotVerifyExactlyOneVarArg_any[m
  [0K[39morg.mockitousage.misuse.DetectingFinalMethodsTest [36m- shouldFailWithUnfinishedVerification[m
  [0K[39morg.mockitousage.misuse.DetectingFinalMethodsTest [36m- shouldFailWithUnfinishedStubbing[m
  [0K[39morg.mockitousage.misuse.DetectingMisusedMatchersTest [36m- shouldSayUnfinishedVerificationButNotInvalidUseOfMatchers[m
  [0K[39morg.mockitousage.misuse.InvalidUsageTest [36m- shouldNotAllowMockingFinalClassesIfDisabled[m
  [0K[39morg.mockitousage.performance.LoadsOfMocksTest [36m- testSomething[m
  [0K[39morg.mockitousage.performance.StubOnlyAvoidMemoryConsumptionTest [36m- without_stub_only_mocks_will_store_invocations_leading_to_an_OutOfMemoryError[m
  [0K[39morg.mockitousage.spies.PartialMockingWithSpiesTest [36m- shouldStackTraceGetFilteredOnUserExceptionsReflectionForJava21AndHigher[m
  [0K[39morg.mockitousage.spies.PartialMockingWithSpiesTest [36m- shouldStackTraceGetFilteredOnUserExceptionsReflectionForJavaOfVersionLessThan21[m
  [0K[39morg.mockitousage.spies.SpyingOnRealObjectsTest [36m- shouldSayNiceMessageWhenSpyingOnPrivateClass[m
  [0K[39morg.mockitousage.stacktrace.ModellingDescriptiveMessagesTest [36m- shouldMentionFinalAndObjectMethodsWhenVerifying[m
  [0K[39morg.mockitousage.stacktrace.ModellingDescriptiveMessagesTest [36m- shouldMentionFinalAndObjectMethodsWhenMissingMockCall[m
  [0K[39morg.mockitousage.stacktrace.ModellingDescriptiveMessagesTest [36m- shouldSayNoMoreInteractions[m
  [0K[39morg.mockitousage.stacktrace.ModellingDescriptiveMessagesTest [36m- shouldScreamWhenNullPassedInsteadOfAnInterface[m
  [0K[39morg.mockitousage.stacktrace.ModellingDescriptiveMessagesTest [36m- makeSureStateIsValidatedInTheVeryFirstTestThanksToTheRunner[m
  [0K[39morg.mockitousage.stacktrace.ModellingDescriptiveMessagesTest [36m- shouldScreamWhenExtraInterfacesEmpty[m
  [0K[39morg.mockitousage.stacktrace.ModellingDescriptiveMessagesTest [36m- shouldSayTooFewInvocationsInAtLeastMode[m
  [0K[39morg.mockitousage.stacktrace.ModellingDescriptiveMessagesTest [36m- shouldSayTooManyInvocations[m
  [0K[39morg.mockitousage.stacktrace.ModellingDescriptiveMessagesTest [36m- shouldSayWantedButNotInvoked[m
  [0K[39morg.mockitousage.stacktrace.ModellingDescriptiveMessagesTest [36m- shouldSayTooFewInvocations[m
  [0K[39morg.mockitousage.stacktrace.ModellingDescriptiveMessagesTest [36m- shouldScreamWhenExtraIsTheSame[m
  [0K[39morg.mockitousage.stacktrace.ModellingDescriptiveMessagesTest [36m- shouldSayNeverWantedButInvokedHere[m
  [0K[39morg.mockitousage.stacktrace.ModellingDescriptiveMessagesTest [36m- shouldShowExampleOfCorrectArgumentCapturing[m
  [0K[39morg.mockitousage.stacktrace.ModellingDescriptiveMessagesTest [36m- shouldScreamWhenExtraInterfacesIsANullArray[m
  [0K[39morg.mockitousage.stacktrace.ModellingDescriptiveMessagesTest [36m- shouldPointOutUnfinishedStubbing[m
  [0K[39morg.mockitousage.stacktrace.ModellingDescriptiveMessagesTest [36m- shouldShowActualAndExpected[m
  [0K[39morg.mockitousage.stacktrace.ModellingDescriptiveMessagesTest [36m- shouldSayTooManyInvocationsInOrder[m
  [0K[39morg.mockitousage.stacktrace.ModellingDescriptiveMessagesTest [36m- shouldSayWantedButNotInvokedInOrder[m
  [0K[39morg.mockitousage.stacktrace.ModellingDescriptiveMessagesTest [36m- shouldSayTooFewInvocationsInOrder[m
  [0K[39morg.mockitousage.stacktrace.ModellingDescriptiveMessagesTest [36m- shouldMentionSpiesWhenVoidMethodIsToldToReturnValue[m
  [0K[39morg.mockitousage.stacktrace.ModellingDescriptiveMessagesTest [36m- shouldSayUnstubbedMethodWasInvokedHere[m
  [0K[39morg.mockitousage.stacktrace.ModellingDescriptiveMessagesTest [36m- shouldMentionFinalAndObjectMethodsWhenMisplacedArgumentMatcher[m
  [0K[39morg.mockitousage.stacktrace.ModellingDescriptiveMessagesTest [36m- shouldPointOutInteractionsOnMockWhenOrdinaryVerificationFails[m
  [0K[39morg.mockitousage.stacktrace.ModellingDescriptiveMessagesTest [36m- shouldSayTooFewInvocationsInAtLeastModeInOrder[m
  [0K[39morg.mockitousage.stacktrace.ModellingDescriptiveMessagesTest [36m- shouldScreamWhenNonInterfacePassed[m
  [0K[39morg.mockitousage.verification.DescriptiveMessagesWhenVerificationFailsTest [36m- should_print_method_name_and_arguments_of_other_interactions_of_same_method[m
  [0K[39morg.mockitousage.verification.DescriptiveMessagesWhenVerificationFailsTest [36m- test1[m
  [0K[39morg.mockitousage.verification.DescriptiveMessagesWhenVerificationFailsTest [36m- test2[m
  [0K[39morg.mockitousage.verification.VerificationWithAfterAndCaptorTest [36m- shouldReturnListOfArgumentsWithSameSizeAsGivenInTimesVerification[m
  [0K[39morg.mockitousage.verification.VerificationWithAfterAndCaptorTest [36m- shouldReturnListOfArgumentsWithSameSizeAsGivenInAtLeastVerification[m
  [0K[39morg.mockitousage.verification.VerificationWithAfterTest [36m- should_fail_early_when_only_is_used[m
  [0K[39morg.mockitousage.verification.VerificationWithAfterTest [36m- should_fail_early_when_time_x_is_used[m
  [0K[39morg.mockitousage.verification.VerificationWithTimeoutTest [36m- should_verify_with_only_and_fail[m
  [0K[39morg.mockitousage.verification.VerificationWithTimeoutTest [36m- should_verify_with_only_and_fail_early[m
  [0K[39morg.mockitousage.verification.VerificationWithTimeoutTest [36m- should_verify_with_timeout_and_fail_early[m

  [0K[32m2222 passing [90m(40.9s)
  [0K[36m72 pending[m


> Task :mockito-core:retryTest SKIPPED

[Incubating] Problems report is available at: file:///Users/fabrielyluana/Projects/CIn/flaky-tests-comparative-study/flaky-tests-experiments/mockito/build/reports/problems/problems-report.html

Deprecated Gradle features were used in this build, making it incompatible with Gradle 9.0.

You can use '--warning-mode all' to show the individual deprecation warnings and determine if they come from your own scripts or plugins.

For more on this, please refer to https://docs.gradle.org/8.14.2/userguide/command_line_interface.html#sec:command_line_warnings in the Gradle documentation.

BUILD SUCCESSFUL in 1m 13s
81 actionable tasks: 61 executed, 20 up-to-date

Publishing Build Scan to Develocity...
https://gradle.com/s/2wtdqvexg6lew


NOTE: This was a fallback run using regular 'test' task because NonDex plugin was not configured.
